SF:lib/models/utils/Vector2.dart
DA:6,3
DA:8,1
DA:9,3
DA:13,1
DA:14,5
LF:5
LH:5
end_of_record
SF:lib/models/utils/Vector2i.dart
DA:6,1
LF:1
LH:1
end_of_record
SF:lib/models/component_fields/image/media_select.dart
DA:5,6
DA:7,6
DA:9,2
DA:12,2
DA:13,2
DA:15,2
LF:6
LH:6
end_of_record
SF:lib/models/component_fields/image/LoadedImage.dart
DA:8,1
LF:1
LH:1
end_of_record
SF:lib/models/component_fields/sprite/sprite_animation.dart
DA:8,2
DA:12,2
DA:13,2
DA:14,3
DA:16,2
DA:19,1
DA:22,1
DA:24,1
DA:25,4
DA:26,4
DA:27,4
DA:28,1
DA:31,1
DA:33,1
DA:35,1
LF:15
LH:15
end_of_record
SF:lib/models/flame/RoundedRectangleComponent.dart
DA:9,2
DA:25,0
DA:27,0
DA:28,0
DA:29,0
DA:30,0
DA:32,0
LF:7
LH:1
end_of_record
SF:lib/models/component_fields/image/part_image.dart
DA:15,1
DA:16,2
DA:17,0
DA:18,2
DA:19,0
DA:22,1
DA:23,1
DA:27,1
DA:28,1
DA:29,1
DA:31,2
DA:32,3
DA:33,1
DA:35,1
DA:36,0
DA:39,1
DA:41,1
DA:42,3
DA:43,1
DA:44,2
DA:46,0
DA:54,0
DA:55,0
DA:56,0
DA:57,0
DA:58,0
DA:59,0
DA:71,0
DA:73,0
DA:75,0
DA:77,0
DA:78,0
DA:80,0
DA:82,0
DA:84,0
DA:85,0
DA:86,0
DA:87,0
DA:88,0
DA:90,0
DA:93,0
LF:41
LH:17
end_of_record
SF:lib/models/games/media.dart
DA:17,4
DA:23,0
DA:24,0
DA:25,0
DA:26,0
DA:27,0
DA:31,0
DA:32,0
DA:33,0
DA:34,0
DA:37,0
DA:41,1
DA:42,1
DA:43,0
DA:44,0
DA:45,0
DA:47,1
DA:50,1
DA:51,1
DA:54,1
DA:55,1
DA:56,3
DA:59,0
DA:60,0
DA:63,1
DA:64,1
DA:65,1
DA:71,0
DA:77,0
DA:81,0
DA:84,0
DA:85,0
DA:86,0
DA:88,0
DA:91,0
DA:92,0
DA:93,0
DA:94,0
LF:38
LH:12
end_of_record
SF:lib/models/component_fields/tileset/tileset_editor_page.dart
DA:16,0
DA:24,1
DA:26,1
DA:27,1
DA:34,1
DA:38,9
DA:44,1
DA:45,1
DA:46,1
DA:48,1
DA:49,1
DA:54,1
DA:55,1
DA:57,0
DA:58,0
DA:59,0
DA:60,0
DA:61,0
DA:68,1
DA:70,1
DA:71,1
DA:72,1
DA:74,1
DA:75,1
DA:77,1
DA:78,2
DA:79,0
DA:80,0
DA:81,0
DA:85,1
LF:30
LH:21
end_of_record
SF:lib/models/component_fields/tileset/tileset_editor_page_loaded.dart
DA:18,0
DA:20,0
DA:21,0
DA:25,0
DA:28,0
DA:29,0
DA:31,0
DA:33,0
DA:34,0
DA:35,0
DA:37,0
DA:38,0
DA:40,0
DA:41,0
DA:44,0
DA:46,0
DA:47,0
DA:53,0
DA:54,0
DA:55,0
DA:56,0
DA:57,0
DA:58,0
LF:23
LH:0
end_of_record
SF:lib/models/games/media/media_set.dart
DA:15,0
DA:17,0
DA:19,0
DA:22,0
DA:24,0
DA:25,0
DA:28,0
DA:30,0
DA:31,0
DA:32,0
DA:33,0
DA:34,0
DA:35,0
DA:36,0
DA:39,0
DA:41,0
DA:42,0
DA:45,0
DA:47,0
DA:48,0
DA:49,0
DA:52,0
DA:53,0
DA:54,0
DA:55,0
DA:56,0
DA:57,0
DA:58,0
LF:28
LH:0
end_of_record
SF:lib/models/component_fields/tileset/tileset_editor_painter.dart
DA:18,0
DA:20,0
DA:22,0
DA:23,0
DA:24,0
DA:25,0
DA:26,0
DA:30,0
DA:31,0
DA:32,0
DA:33,0
DA:34,0
DA:35,0
DA:36,0
DA:38,0
DA:40,0
DA:41,0
DA:42,0
DA:43,0
DA:45,0
DA:46,0
DA:49,0
DA:50,0
DA:51,0
DA:52,0
DA:53,0
DA:54,0
DA:59,0
LF:28
LH:0
end_of_record
SF:lib/models/component_fields/component_field_blocky.dart
DA:29,3
DA:31,2
DA:33,3
DA:37,2
DA:39,3
DA:43,1
DA:46,0
DA:58,0
DA:68,0
DA:74,0
DA:76,0
DA:77,0
DA:79,0
DA:80,0
DA:82,0
DA:83,0
DA:87,0
DA:91,0
DA:92,0
DA:95,0
DA:96,0
DA:97,0
DA:101,0
DA:103,0
DA:105,0
DA:106,0
DA:107,0
DA:108,0
DA:110,0
DA:115,0
DA:119,0
DA:124,2
DA:126,6
DA:129,1
DA:130,3
DA:132,0
DA:134,0
DA:137,1
DA:139,1
DA:141,3
DA:142,2
DA:143,3
DA:144,1
DA:146,2
DA:147,0
DA:148,0
DA:152,1
DA:156,1
DA:158,1
DA:161,2
DA:162,2
LF:51
LH:22
end_of_record
SF:lib/models/games/component_field.dart
DA:11,0
DA:16,23
DA:19,0
DA:20,0
DA:24,0
DA:25,0
DA:29,0
DA:34,0
DA:39,0
DA:42,0
DA:45,0
LF:11
LH:1
end_of_record
SF:lib/models/component_fields/component_field_bool.dart
DA:12,2
DA:16,2
DA:19,1
DA:22,1
DA:24,1
DA:27,1
DA:29,3
DA:32,1
DA:33,1
DA:35,1
DA:37,1
DA:40,1
DA:42,2
DA:45,1
DA:47,1
DA:48,2
DA:60,1
DA:67,1
DA:68,1
DA:72,1
DA:74,1
DA:75,3
DA:76,3
DA:77,1
DA:78,2
DA:79,3
DA:80,3
DA:81,0
LF:28
LH:27
end_of_record
SF:lib/data/initial_toolbox.dart
DA:86,4
DA:87,1
DA:89,1
DA:90,1
DA:91,1
DA:92,1
DA:93,1
DA:94,1
DA:95,1
DA:98,1
DA:100,1
DA:101,1
DA:102,1
DA:103,1
DA:104,1
DA:105,1
DA:106,1
DA:109,1
DA:111,1
DA:112,1
DA:113,1
DA:114,1
DA:115,1
DA:116,1
DA:117,1
DA:118,1
DA:119,1
DA:120,1
DA:121,1
DA:122,1
DA:123,1
DA:124,1
DA:125,1
DA:128,1
DA:130,1
DA:131,1
DA:132,1
DA:133,1
DA:134,1
DA:135,1
DA:136,1
DA:137,1
DA:138,1
DA:139,1
DA:140,1
DA:141,1
DA:144,1
DA:145,1
DA:146,1
DA:149,1
DA:151,1
DA:152,1
DA:153,1
DA:154,1
DA:155,1
DA:156,1
DA:157,1
DA:158,1
DA:159,1
DA:160,1
DA:161,1
DA:162,1
DA:166,1
DA:168,1
DA:169,1
DA:170,1
DA:171,1
DA:172,1
DA:175,1
DA:177,1
DA:178,1
DA:179,1
DA:180,1
DA:181,1
DA:182,1
DA:183,1
DA:184,1
DA:185,1
DA:188,1
DA:190,1
DA:191,1
DA:192,1
DA:193,1
DA:194,1
DA:195,1
DA:196,1
DA:197,1
DA:198,1
DA:199,1
DA:200,1
DA:201,1
DA:202,1
DA:203,1
DA:204,1
DA:205,1
DA:206,1
DA:209,1
LF:97
LH:97
end_of_record
SF:lib/models/component_fields/blocky/toolbox.dart
DA:6,2
DA:9,1
DA:10,1
DA:12,5
LF:4
LH:4
end_of_record
SF:lib/models/component_fields/blocky/toolbox_block.dart
DA:6,3
DA:9,0
DA:10,0
DA:14,1
DA:15,1
LF:5
LH:3
end_of_record
SF:lib/models/component_fields/blocky/toolbox_category.dart
DA:12,3
DA:15,1
DA:16,1
DA:18,1
DA:19,1
DA:22,1
DA:23,0
DA:26,1
DA:27,6
LF:9
LH:8
end_of_record
SF:lib/models/component_fields/blocky/addons_manager.dart
DA:8,1
DA:11,1
DA:12,2
DA:13,1
DA:14,5
DA:15,4
DA:16,1
DA:17,2
DA:18,3
DA:24,1
DA:25,2
DA:26,1
DA:27,5
DA:28,4
DA:29,1
DA:30,2
DA:31,3
DA:37,1
DA:38,2
DA:39,1
DA:40,5
DA:41,4
DA:42,1
DA:43,2
DA:44,3
DA:50,1
DA:51,1
DA:52,1
DA:53,1
DA:54,1
DA:55,1
DA:56,1
DA:57,1
LF:33
LH:33
end_of_record
SF:lib/models/component_fields/component_field_tileset.dart
DA:16,3
DA:20,3
DA:23,0
DA:26,0
DA:28,0
DA:31,2
DA:33,2
DA:34,7
DA:35,1
DA:36,4
DA:37,6
DA:38,6
DA:40,1
DA:42,4
DA:45,1
DA:46,1
DA:48,1
DA:50,1
DA:53,1
DA:56,4
DA:57,1
DA:58,5
DA:59,1
DA:60,6
DA:61,6
DA:62,6
DA:63,1
DA:66,1
DA:67,1
DA:68,4
DA:69,1
DA:72,1
DA:76,1
DA:78,2
DA:79,3
DA:80,1
DA:81,3
DA:82,5
DA:83,5
DA:85,2
DA:99,0
DA:107,0
DA:108,0
DA:115,0
DA:117,0
DA:118,0
DA:119,0
DA:120,0
DA:121,0
DA:122,0
DA:123,0
DA:124,0
DA:125,0
DA:128,0
DA:129,0
DA:130,0
DA:133,0
DA:136,0
DA:137,0
DA:143,0
DA:145,0
DA:146,0
DA:150,0
DA:152,0
DA:154,0
DA:156,0
DA:158,0
DA:162,0
DA:163,0
DA:164,0
DA:165,0
DA:166,0
DA:168,0
DA:174,0
DA:176,0
DA:178,0
DA:179,0
DA:180,0
DA:182,0
DA:183,0
DA:184,0
DA:185,0
DA:186,0
DA:187,0
DA:189,0
DA:190,0
DA:192,0
DA:193,0
DA:194,0
DA:195,0
DA:196,0
DA:202,0
DA:203,0
DA:204,0
DA:205,0
DA:206,0
DA:212,0
DA:214,0
DA:215,0
DA:217,0
DA:221,0
DA:223,0
DA:224,0
DA:225,0
DA:226,0
DA:227,0
DA:229,0
DA:230,0
DA:237,0
DA:238,0
DA:239,0
DA:240,0
DA:241,0
DA:242,0
DA:243,0
DA:244,0
DA:245,0
DA:248,0
LF:118
LH:37
end_of_record
SF:lib/models/component_fields/component_field_texture.dart
DA:15,1
DA:19,1
DA:22,1
DA:25,1
DA:27,4
DA:30,1
DA:32,3
DA:35,1
DA:36,1
DA:39,1
DA:40,1
DA:42,1
DA:44,1
DA:47,0
DA:49,0
DA:52,0
DA:54,0
DA:64,1
DA:66,1
DA:68,1
DA:75,1
DA:77,1
DA:78,1
DA:79,1
DA:80,0
DA:81,0
DA:82,0
DA:84,0
DA:85,0
DA:87,0
DA:88,0
DA:91,7
LF:32
LH:21
end_of_record
SF:lib/models/component_fields/component_field_text.dart
DA:12,8
DA:16,8
DA:19,1
DA:22,1
DA:24,1
DA:25,1
DA:28,2
DA:29,1
DA:30,1
DA:31,1
DA:32,2
DA:38,7
DA:40,21
DA:43,7
DA:44,7
DA:46,7
DA:48,7
DA:51,1
DA:53,2
DA:56,1
DA:58,1
LF:21
LH:21
end_of_record
SF:lib/models/component_fields/component_field_number.dart
DA:12,9
DA:16,9
DA:19,1
DA:22,6
DA:23,6
DA:25,6
DA:27,6
DA:30,1
DA:32,1
DA:33,1
DA:37,3
DA:38,1
DA:39,1
DA:40,1
DA:42,2
DA:44,1
DA:45,2
DA:51,7
DA:53,28
DA:56,1
DA:58,2
DA:61,1
DA:63,2
LF:23
LH:23
end_of_record
SF:lib/models/component_fields/sprite/sprite_editor_page.dart
DA:15,1
DA:17,1
DA:18,1
DA:22,1
DA:24,4
DA:26,1
DA:27,4
DA:29,0
DA:33,1
DA:36,1
DA:38,1
DA:39,1
DA:40,2
DA:41,0
DA:42,0
DA:44,0
DA:50,1
DA:53,1
DA:54,1
DA:55,1
DA:57,1
DA:58,1
DA:59,1
DA:64,0
DA:65,0
DA:66,0
DA:67,0
DA:68,0
DA:74,5
DA:75,0
DA:76,0
DA:78,0
DA:79,0
DA:80,0
DA:81,0
DA:82,0
DA:83,0
DA:84,0
DA:86,0
DA:89,0
DA:93,0
DA:94,0
DA:95,0
DA:99,0
DA:100,0
DA:101,0
DA:102,0
DA:107,0
DA:108,0
DA:109,0
DA:110,0
DA:114,0
DA:116,0
DA:117,0
DA:118,0
DA:119,0
DA:123,0
DA:127,0
DA:128,0
DA:129,0
DA:130,0
DA:131,0
DA:132,0
DA:133,0
DA:141,1
DA:142,0
DA:143,0
DA:144,0
DA:145,0
DA:146,0
DA:147,0
DA:148,0
DA:152,1
LF:73
LH:22
end_of_record
SF:lib/models/component_fields/component_field_sprite.dart
DA:14,3
DA:18,3
DA:21,1
DA:24,1
DA:26,2
DA:29,2
DA:31,6
DA:34,2
DA:35,2
DA:37,0
DA:39,0
DA:42,0
DA:45,0
DA:46,0
DA:47,0
DA:48,0
DA:51,0
DA:55,0
DA:57,0
DA:58,0
DA:59,0
DA:71,1
DA:79,1
DA:80,1
DA:85,1
DA:87,1
DA:90,1
DA:92,1
DA:93,1
DA:94,3
DA:95,1
DA:96,1
DA:98,1
DA:99,2
DA:100,1
DA:102,1
DA:103,2
DA:104,4
DA:105,3
DA:106,4
DA:113,1
DA:114,3
DA:115,6
DA:118,1
DA:119,2
DA:120,2
DA:121,5
DA:122,3
DA:123,4
DA:126,1
LF:50
LH:38
end_of_record
SF:lib/models/component_fields/component_field_drop_down.dart
DA:18,3
DA:23,3
DA:26,1
DA:29,0
DA:31,0
DA:32,0
DA:35,2
DA:37,8
DA:40,2
DA:41,2
DA:43,1
DA:44,1
DA:47,1
DA:49,1
DA:52,1
DA:54,2
DA:57,1
DA:59,1
DA:77,0
DA:80,0
DA:82,0
DA:83,0
DA:87,0
DA:89,0
DA:92,0
DA:94,0
DA:95,0
DA:96,0
DA:97,0
DA:98,0
DA:99,0
DA:100,0
DA:102,0
DA:104,0
DA:105,0
DA:106,0
DA:107,0
DA:109,0
DA:110,0
DA:112,0
DA:113,0
LF:41
LH:15
end_of_record
SF:lib/models/component_fields/tilemap/tilemap_editor_page.dart
DA:20,0
DA:29,0
DA:31,0
DA:32,0
DA:37,0
DA:39,0
DA:42,0
DA:44,0
DA:45,0
DA:47,0
DA:49,0
DA:53,0
DA:54,0
DA:55,0
DA:56,0
DA:57,0
DA:59,0
DA:63,0
DA:64,0
DA:65,0
DA:66,0
DA:68,0
DA:72,0
DA:73,0
DA:74,0
DA:75,0
DA:77,0
DA:81,0
DA:82,0
DA:83,0
DA:84,0
DA:85,0
DA:86,0
DA:87,0
DA:89,0
DA:95,0
DA:97,0
DA:98,0
DA:99,0
DA:101,0
DA:103,0
DA:104,0
DA:105,0
LF:43
LH:0
end_of_record
SF:lib/models/component_fields/tilemap/tilemap.dart
DA:17,4
DA:18,8
DA:20,8
DA:21,12
DA:23,8
DA:24,20
DA:30,1
DA:31,1
DA:35,1
DA:39,9
DA:40,3
DA:43,1
DA:44,2
DA:45,2
DA:47,2
DA:48,4
DA:54,1
DA:55,4
DA:56,1
DA:59,1
DA:62,1
DA:63,5
DA:64,1
DA:67,1
DA:70,2
DA:71,5
DA:72,6
DA:73,9
DA:78,1
DA:79,3
DA:82,1
DA:83,4
DA:84,0
DA:86,5
DA:87,0
DA:89,4
DA:92,1
DA:93,4
DA:96,5
DA:99,4
DA:102,8
DA:103,10
LF:42
LH:40
end_of_record
SF:lib/models/component_fields/tilemap/tilemap_editor_controller.dart
DA:8,1
LF:1
LH:1
end_of_record
SF:lib/models/component_fields/component_field_tilemap.dart
DA:16,3
DA:20,3
DA:23,0
DA:26,0
DA:28,0
DA:29,0
DA:32,2
DA:34,20
DA:35,4
DA:36,12
DA:37,14
DA:38,18
DA:42,4
DA:45,1
DA:46,1
DA:48,1
DA:50,1
DA:53,0
DA:56,0
DA:57,0
DA:58,0
DA:59,0
DA:60,0
DA:61,0
DA:62,0
DA:63,0
DA:64,0
DA:67,0
DA:68,0
DA:69,0
DA:72,0
DA:73,0
DA:74,0
DA:77,0
DA:78,0
DA:82,1
DA:84,9
DA:85,4
DA:86,5
DA:87,6
DA:88,9
DA:103,0
DA:111,0
DA:113,0
DA:114,0
DA:116,0
DA:117,0
DA:118,0
DA:119,0
DA:124,0
LF:50
LH:19
end_of_record
SF:lib/models/component_fields/tilemap/loaded_media_tile.dart
DA:7,0
LF:1
LH:0
end_of_record
SF:lib/models/component_fields/tilemap/tilemap_editor.dart
DA:24,0
DA:26,0
DA:27,0
DA:33,0
DA:34,0
DA:35,0
DA:36,0
DA:37,0
DA:39,0
DA:40,0
DA:42,0
DA:43,0
DA:45,0
DA:46,0
DA:48,0
DA:49,0
DA:51,0
DA:54,0
DA:58,0
DA:60,0
DA:61,0
DA:62,0
DA:64,0
DA:65,0
DA:69,0
DA:74,0
DA:76,0
DA:78,0
DA:79,0
DA:80,0
DA:81,0
DA:82,0
DA:83,0
DA:84,0
DA:86,0
DA:87,0
DA:90,0
DA:91,0
DA:94,0
DA:95,0
DA:98,0
DA:99,0
DA:104,0
DA:105,0
DA:106,0
DA:107,0
DA:108,0
DA:110,0
DA:111,0
DA:112,0
DA:113,0
DA:114,0
DA:115,0
DA:116,0
DA:119,0
DA:120,0
DA:123,0
DA:128,0
DA:129,0
DA:130,0
DA:138,0
DA:139,0
DA:140,0
DA:141,0
DA:142,0
DA:143,0
DA:144,0
DA:146,0
LF:68
LH:0
end_of_record
SF:lib/models/component_fields/tilemap/tilemap_editor_painter.dart
DA:16,0
DA:23,0
DA:25,0
DA:26,0
DA:29,0
DA:30,0
DA:31,0
DA:32,0
DA:33,0
DA:34,0
DA:35,0
DA:36,0
DA:37,0
DA:39,0
DA:40,0
DA:41,0
DA:42,0
DA:46,0
DA:49,0
DA:50,0
DA:51,0
DA:52,0
DA:53,0
DA:54,0
DA:55,0
DA:56,0
DA:65,0
DA:66,0
DA:67,0
DA:68,0
DA:69,0
DA:70,0
DA:73,0
DA:74,0
DA:75,0
DA:76,0
DA:77,0
DA:78,0
DA:79,0
DA:80,0
DA:81,0
DA:87,0
LF:42
LH:0
end_of_record
SF:lib/models/component_fields/tilemap/tilemap_editor_page_loaded.dart
DA:22,0
DA:24,0
DA:25,0
DA:30,0
DA:32,0
DA:33,0
DA:34,0
DA:37,0
DA:38,0
DA:39,0
DA:43,0
DA:44,0
DA:45,0
DA:49,0
DA:50,0
DA:51,0
DA:52,0
DA:56,0
DA:58,0
DA:59,0
DA:60,0
DA:61,0
DA:63,0
DA:67,0
DA:68,0
DA:69,0
DA:70,0
LF:27
LH:0
end_of_record
SF:lib/models/component_fields/tilemap/tilemap_editor_top_bar.dart
DA:17,0
DA:26,0
DA:30,0
DA:32,0
DA:33,0
DA:34,0
DA:36,0
DA:38,0
DA:41,0
DA:45,0
DA:46,0
DA:47,0
DA:49,0
DA:52,0
DA:53,0
DA:54,0
DA:55,0
DA:57,0
DA:60,0
DA:61,0
DA:62,0
DA:68,0
DA:75,0
DA:76,0
DA:78,0
DA:80,0
DA:81,0
DA:82,0
DA:83,0
DA:84,0
DA:86,0
DA:88,0
DA:91,0
DA:92,0
DA:93,0
DA:99,0
DA:102,0
DA:103,0
DA:104,0
DA:105,0
DA:107,0
DA:110,0
DA:111,0
DA:112,0
DA:118,0
DA:122,0
DA:123,0
DA:124,0
DA:126,0
DA:129,0
DA:130,0
DA:131,0
DA:137,0
DA:138,0
DA:139,0
DA:140,0
DA:141,0
DA:142,0
DA:143,0
DA:144,0
DA:145,0
DA:146,0
DA:147,0
DA:148,0
LF:64
LH:0
end_of_record
SF:lib/models/component_fields/component_field_color.dart
DA:16,5
DA:20,5
DA:23,1
DA:26,0
DA:28,0
DA:29,0
DA:32,4
DA:34,12
DA:37,4
DA:38,4
DA:40,1
DA:41,1
DA:44,3
DA:46,3
DA:49,1
DA:51,2
DA:52,1
DA:55,0
DA:58,0
DA:73,1
DA:76,2
DA:78,1
DA:79,1
DA:85,1
DA:87,1
DA:90,1
DA:92,1
DA:93,1
DA:94,1
DA:95,1
DA:96,1
DA:97,1
DA:98,2
DA:99,0
DA:100,0
DA:102,0
DA:103,0
DA:105,0
DA:106,0
DA:107,0
DA:108,0
DA:109,0
DA:113,0
DA:114,0
DA:116,0
DA:117,0
DA:118,0
DA:119,0
DA:120,0
DA:122,0
DA:130,1
DA:131,1
DA:133,1
DA:134,2
DA:135,1
DA:136,1
DA:138,1
DA:143,1
DA:144,1
LF:59
LH:37
end_of_record
SF:lib/models/component_fields/component_field_list.dart
DA:14,3
DA:18,3
DA:21,1
DA:24,0
DA:26,0
DA:27,0
DA:28,0
DA:29,0
DA:31,0
DA:32,0
DA:33,0
DA:36,0
DA:39,2
DA:41,6
DA:44,2
DA:45,2
DA:47,1
DA:49,1
DA:52,1
DA:55,4
DA:56,4
DA:57,4
DA:58,1
DA:61,1
DA:65,1
DA:67,2
DA:68,2
DA:69,2
DA:87,1
DA:93,1
DA:94,1
DA:98,1
DA:100,1
DA:103,1
DA:105,1
DA:106,1
DA:107,5
DA:108,1
DA:109,1
DA:110,1
DA:111,1
DA:112,1
DA:115,4
DA:116,1
DA:117,3
DA:118,3
DA:122,1
DA:123,1
DA:124,2
DA:125,3
DA:126,3
DA:129,1
DA:133,1
DA:134,1
DA:135,2
DA:136,3
DA:137,3
DA:140,1
LF:58
LH:49
end_of_record
SF:lib/models/component_fields/component_field_image.dart
DA:18,4
DA:22,4
DA:25,1
DA:28,0
DA:30,0
DA:33,2
DA:35,6
DA:38,3
DA:39,3
DA:41,2
DA:43,2
DA:46,1
DA:49,4
DA:50,4
DA:51,1
DA:55,1
DA:57,2
DA:58,3
DA:59,3
DA:69,1
DA:76,1
DA:77,1
DA:84,2
DA:86,1
DA:88,1
DA:89,6
DA:90,2
DA:93,1
DA:97,10
DA:102,1
DA:103,1
DA:107,0
DA:108,0
DA:110,0
DA:113,1
DA:115,0
DA:118,0
DA:123,0
DA:124,0
DA:126,0
DA:131,1
DA:132,1
DA:133,1
DA:134,1
DA:135,1
DA:136,2
DA:138,1
DA:139,0
DA:140,0
DA:141,0
DA:142,0
DA:145,0
DA:148,1
DA:149,0
DA:153,0
DA:154,0
DA:156,0
DA:157,0
DA:158,0
DA:159,0
DA:168,1
DA:170,1
DA:172,1
DA:173,1
DA:174,0
DA:178,0
DA:179,0
DA:181,0
LF:68
LH:42
end_of_record
SF:lib/models/games/component_type.dart
DA:16,11
DA:17,33
DA:23,0
DA:26,0
DA:29,0
DA:32,0
DA:33,0
DA:34,0
DA:35,0
DA:41,0
DA:48,0
DA:52,0
DA:62,0
DA:67,0
DA:68,0
DA:69,0
DA:74,0
DA:75,0
DA:76,0
DA:77,0
DA:80,0
DA:81,0
DA:82,0
DA:83,0
DA:84,0
DA:87,0
LF:26
LH:2
end_of_record
SF:lib/models/games/display_components.dart
DA:10,6
LF:1
LH:1
end_of_record
SF:lib/models/component_types/component_list.dart
DA:14,2
DA:15,6
DA:16,8
DA:19,1
DA:22,1
DA:25,1
DA:27,1
DA:28,3
DA:29,3
DA:34,1
DA:43,1
DA:46,1
LF:12
LH:12
end_of_record
SF:lib/data/ComponentList.dart
DA:23,3
DA:24,1
DA:25,1
DA:26,1
DA:27,1
DA:28,1
DA:29,1
DA:30,1
DA:31,1
DA:32,1
DA:33,1
DA:34,1
DA:37,3
DA:38,1
DA:39,1
DA:40,1
DA:41,1
DA:42,1
DA:45,1
DA:46,1
DA:49,1
DA:50,1
DA:53,3
DA:54,1
DA:55,1
DA:58,1
DA:59,1
DA:62,1
DA:63,2
LF:29
LH:29
end_of_record
SF:lib/models/component_types/component_image.dart
DA:15,2
DA:16,6
DA:17,8
DA:20,1
DA:23,1
DA:26,1
DA:28,1
DA:29,3
DA:30,3
DA:35,0
DA:42,0
DA:43,0
DA:49,0
DA:50,0
DA:52,0
DA:56,0
DA:59,0
DA:65,0
DA:66,0
DA:67,0
DA:68,0
DA:72,0
DA:75,1
DA:82,3
DA:88,1
DA:89,1
DA:90,0
DA:92,2
DA:99,0
DA:100,0
DA:106,0
DA:107,0
DA:108,0
DA:113,0
DA:116,0
DA:118,0
DA:122,0
DA:123,0
DA:128,0
DA:130,0
DA:131,0
DA:132,0
DA:133,0
DA:136,0
LF:44
LH:14
end_of_record
SF:lib/models/component_types/component_physics_circle.dart
DA:17,1
DA:18,3
DA:19,3
DA:20,3
DA:21,3
DA:22,3
DA:23,3
DA:24,4
DA:31,0
DA:34,0
DA:37,0
DA:39,0
DA:40,0
DA:41,0
DA:46,0
DA:51,0
DA:54,0
DA:58,0
DA:64,0
DA:69,0
DA:71,0
DA:72,0
DA:75,0
DA:77,0
DA:81,0
DA:82,0
DA:83,0
DA:84,0
DA:87,0
DA:90,0
DA:91,0
DA:92,0
DA:93,0
DA:95,0
DA:96,0
DA:99,0
DA:102,0
DA:105,0
DA:106,0
DA:107,0
DA:108,0
DA:111,0
DA:112,0
DA:113,0
DA:114,0
DA:117,0
DA:118,0
DA:119,0
DA:122,0
DA:123,0
DA:124,0
DA:127,0
LF:52
LH:8
end_of_record
SF:lib/models/component_types/component_tilemap.dart
DA:16,2
DA:17,6
DA:18,8
DA:19,8
DA:22,1
DA:25,1
DA:28,1
DA:30,1
DA:31,3
DA:32,3
DA:37,0
DA:45,0
DA:46,0
DA:49,0
DA:55,0
DA:56,0
DA:57,0
DA:58,0
DA:60,0
DA:61,0
DA:65,0
DA:69,0
DA:77,0
DA:81,0
DA:87,0
DA:88,0
DA:90,0
DA:91,0
DA:92,0
DA:93,0
DA:101,0
LF:31
LH:10
end_of_record
SF:lib/models/component_types/component_ui_text.dart
DA:18,2
DA:19,6
DA:20,6
DA:21,8
DA:24,1
DA:27,1
DA:30,1
DA:32,1
DA:33,3
DA:34,3
DA:39,1
DA:48,4
DA:49,4
DA:51,1
DA:53,1
DA:54,3
DA:64,1
DA:65,1
DA:66,1
DA:67,1
DA:68,1
DA:69,1
DA:70,1
DA:71,1
DA:74,1
DA:75,1
DA:78,1
DA:86,4
DA:87,4
DA:90,1
DA:92,1
DA:93,3
DA:104,0
DA:106,0
DA:107,0
DA:108,0
DA:109,0
DA:110,0
DA:111,0
LF:39
LH:32
end_of_record
SF:lib/models/component_types/component_variable.dart
DA:16,2
DA:17,6
DA:18,6
DA:21,1
DA:24,1
DA:27,1
DA:29,1
DA:30,3
DA:31,3
DA:36,1
DA:45,1
DA:48,1
LF:12
LH:12
end_of_record
SF:lib/models/component_types/component_circle.dart
DA:15,1
DA:16,3
DA:17,4
DA:20,0
DA:23,0
DA:26,0
DA:28,0
DA:29,0
DA:30,0
DA:35,0
DA:44,0
DA:45,0
DA:47,0
DA:49,0
DA:59,0
DA:60,0
DA:61,0
DA:62,0
DA:63,0
DA:64,0
DA:65,0
DA:66,0
DA:67,0
DA:68,0
DA:71,0
DA:72,0
DA:75,0
DA:83,0
DA:84,0
DA:86,0
DA:88,0
DA:99,0
DA:101,0
DA:102,0
DA:103,0
LF:35
LH:3
end_of_record
SF:lib/models/component_types/component_physics.dart
DA:17,1
DA:18,3
DA:19,3
DA:20,3
DA:21,3
DA:22,3
DA:23,3
DA:24,3
DA:25,4
DA:32,0
DA:35,0
DA:38,0
DA:40,0
DA:41,0
DA:42,0
DA:47,0
DA:52,0
DA:55,0
DA:59,0
DA:65,0
DA:70,0
DA:72,0
DA:73,0
DA:76,0
DA:78,0
DA:82,0
DA:83,0
DA:84,0
DA:85,0
DA:86,0
DA:88,0
DA:91,0
DA:94,0
DA:95,0
DA:96,0
DA:98,0
DA:101,0
DA:102,0
DA:103,0
DA:104,0
DA:107,0
DA:108,0
DA:109,0
DA:110,0
DA:113,0
DA:114,0
DA:115,0
DA:118,0
DA:119,0
DA:120,0
DA:123,0
LF:51
LH:9
end_of_record
SF:lib/models/component_types/component_rect.dart
DA:16,2
DA:17,6
DA:18,6
DA:19,8
DA:22,1
DA:25,1
DA:28,1
DA:30,1
DA:31,3
DA:32,3
DA:37,1
DA:46,1
DA:47,4
DA:48,4
DA:51,1
DA:53,1
DA:54,3
DA:63,1
DA:64,1
DA:65,1
DA:66,1
DA:67,1
DA:68,1
DA:69,1
DA:70,1
DA:71,1
DA:72,1
DA:75,1
DA:76,1
DA:79,1
DA:81,1
DA:82,4
DA:83,4
DA:86,1
DA:88,3
DA:89,1
DA:99,0
DA:101,0
DA:102,0
DA:103,0
DA:104,0
LF:41
LH:36
end_of_record
SF:lib/models/component_types/component_sprite.dart
DA:17,2
DA:18,6
DA:19,6
DA:20,8
DA:23,1
DA:26,1
DA:29,1
DA:31,1
DA:32,3
DA:33,3
DA:38,1
DA:46,3
DA:47,3
DA:49,1
DA:50,1
DA:55,0
DA:59,0
DA:61,0
DA:62,0
DA:65,0
DA:73,0
DA:74,0
DA:78,0
DA:81,1
DA:88,3
DA:89,3
DA:91,1
DA:97,0
DA:101,0
DA:103,0
DA:111,0
DA:112,0
DA:120,0
DA:123,0
DA:125,0
DA:129,0
DA:130,0
DA:135,0
DA:137,0
DA:138,0
DA:139,0
DA:140,0
DA:143,0
LF:43
LH:19
end_of_record
SF:lib/models/component_types/component_text.dart
DA:18,2
DA:19,6
DA:20,6
DA:21,8
DA:24,1
DA:27,1
DA:30,1
DA:32,1
DA:33,3
DA:34,3
DA:39,0
DA:48,0
DA:49,0
DA:51,0
DA:53,0
DA:54,0
DA:64,0
DA:65,0
DA:66,0
DA:67,0
DA:68,0
DA:69,0
DA:70,0
DA:71,0
DA:72,0
DA:75,0
DA:76,0
DA:79,0
DA:87,0
DA:88,0
DA:91,0
DA:93,0
DA:94,0
DA:105,0
DA:107,0
DA:108,0
DA:109,0
DA:110,0
DA:111,0
DA:112,0
LF:40
LH:10
end_of_record
SF:lib/models/component_types/component_event.dart
DA:10,2
DA:11,6
DA:12,6
DA:13,2
DA:23,6
DA:26,1
DA:27,1
DA:28,3
DA:31,1
DA:34,1
DA:37,1
DA:39,1
DA:40,3
DA:41,3
LF:14
LH:14
end_of_record
SF:lib/models/component_types/component_ui_image.dart
DA:15,2
DA:16,6
DA:17,8
DA:20,1
DA:23,1
DA:26,0
DA:28,0
DA:29,0
DA:30,0
DA:35,1
DA:42,3
DA:43,0
DA:49,1
DA:50,0
DA:52,2
DA:56,1
DA:59,0
DA:65,0
DA:66,0
DA:67,0
DA:68,0
DA:72,0
DA:75,1
DA:82,3
DA:88,1
DA:89,1
DA:90,0
DA:92,2
DA:99,0
DA:100,0
DA:106,0
DA:107,0
DA:108,0
DA:113,0
DA:116,0
DA:118,0
DA:122,0
DA:123,0
DA:128,0
DA:130,0
DA:131,0
DA:132,0
DA:133,0
DA:136,0
LF:44
LH:15
end_of_record
SF:lib/models/component_flame/component_flame_circle.dart
DA:29,0
DA:40,0
DA:41,0
DA:44,0
DA:46,0
DA:49,0
DA:51,0
DA:52,0
DA:55,0
DA:57,0
DA:60,0
DA:62,0
DA:63,0
DA:66,0
DA:68,0
DA:69,0
DA:72,0
DA:74,0
DA:77,0
DA:82,0
DA:84,0
LF:21
LH:0
end_of_record
SF:lib/models/games/component_flame.dart
DA:9,0
DA:10,0
LF:2
LH:0
end_of_record
SF:lib/models/component_flame/component_flame_empty.dart
DA:33,0
DA:44,0
DA:45,0
DA:48,0
DA:50,0
DA:53,0
DA:55,0
DA:56,0
DA:59,0
DA:61,0
DA:64,0
DA:66,0
DA:67,0
DA:70,0
DA:72,0
DA:73,0
DA:76,0
DA:78,0
DA:81,0
DA:86,0
DA:88,0
LF:21
LH:0
end_of_record
SF:lib/models/component_flame/component_flame_image.dart
DA:40,0
DA:53,0
DA:56,0
DA:58,0
DA:59,0
DA:60,0
DA:61,0
DA:62,0
DA:64,0
DA:65,0
DA:66,0
DA:68,0
DA:69,0
DA:72,0
DA:74,0
DA:77,0
DA:79,0
DA:82,0
DA:84,0
DA:85,0
DA:88,0
DA:90,0
DA:93,0
DA:95,0
DA:96,0
DA:99,0
DA:101,0
DA:102,0
DA:105,0
DA:107,0
DA:110,0
DA:115,0
DA:117,0
LF:33
LH:0
end_of_record
SF:lib/models/component_flame/component_flame_rect.dart
DA:30,1
DA:41,4
DA:42,1
DA:43,1
DA:44,1
DA:47,0
DA:49,0
DA:52,0
DA:54,0
DA:55,0
DA:58,0
DA:60,0
DA:63,0
DA:65,0
DA:66,0
DA:69,0
DA:71,0
DA:72,0
DA:75,0
DA:77,0
DA:80,0
DA:85,0
DA:87,0
LF:23
LH:5
end_of_record
SF:lib/models/component_flame/component_flame_sprite.dart
DA:46,0
DA:59,0
DA:62,0
DA:63,0
DA:66,0
DA:67,0
DA:69,0
DA:70,0
DA:72,0
DA:73,0
DA:75,0
DA:78,0
DA:82,0
DA:84,0
DA:85,0
DA:86,0
DA:87,0
DA:88,0
DA:90,0
DA:91,0
DA:94,0
DA:96,0
DA:97,0
DA:98,0
DA:99,0
DA:100,0
DA:104,0
DA:106,0
DA:109,0
DA:111,0
DA:112,0
DA:115,0
DA:117,0
DA:120,0
DA:122,0
DA:123,0
DA:126,0
DA:128,0
DA:129,0
DA:132,0
DA:134,0
DA:137,0
DA:142,0
DA:144,0
LF:44
LH:0
end_of_record
SF:lib/models/component_flame/component_flame_text.dart
DA:30,1
DA:42,2
DA:43,1
DA:45,1
DA:50,0
DA:52,0
DA:55,0
DA:57,0
DA:58,0
DA:61,0
DA:63,0
DA:66,0
DA:68,0
DA:69,0
DA:72,0
DA:74,0
DA:75,0
DA:78,0
DA:80,0
DA:83,0
DA:88,0
DA:90,0
LF:22
LH:4
end_of_record
SF:lib/models/component_flame/component_flame_tile.dart
DA:32,0
DA:54,0
DA:56,0
DA:59,0
DA:61,0
DA:64,0
DA:66,0
DA:67,0
DA:70,0
DA:72,0
DA:75,0
DA:77,0
DA:78,0
DA:81,0
DA:83,0
DA:84,0
LF:16
LH:0
end_of_record
SF:lib/models/component_flame/component_flame_tilemap.dart
DA:62,0
DA:75,0
DA:76,0
DA:77,0
DA:85,0
DA:86,0
DA:92,0
DA:93,0
DA:95,0
DA:96,0
DA:97,0
DA:99,0
DA:101,0
DA:104,0
DA:105,0
DA:107,0
DA:108,0
DA:113,0
DA:114,0
DA:119,0
DA:121,0
DA:123,0
DA:124,0
DA:125,0
DA:126,0
DA:127,0
DA:128,0
DA:132,0
DA:133,0
DA:134,0
DA:135,0
DA:136,0
DA:137,0
DA:139,0
DA:140,0
DA:146,0
DA:147,0
DA:148,0
DA:149,0
DA:153,0
DA:156,0
DA:157,0
DA:162,0
DA:165,0
DA:166,0
DA:167,0
DA:170,0
DA:171,0
DA:172,0
DA:177,0
DA:180,0
DA:181,0
DA:186,0
DA:188,0
DA:189,0
DA:190,0
DA:193,0
DA:198,0
DA:201,0
DA:203,0
DA:206,0
DA:208,0
DA:211,0
DA:213,0
DA:214,0
DA:217,0
DA:219,0
DA:222,0
DA:224,0
DA:225,0
DA:228,0
DA:230,0
DA:231,0
DA:234,0
DA:236,0
DA:239,0
DA:241,0
DA:242,0
DA:243,0
DA:247,0
DA:250,0
DA:251,0
DA:252,0
DA:254,0
DA:255,0
DA:258,0
DA:259,0
DA:260,0
DA:262,0
DA:263,0
DA:267,0
DA:269,0
DA:273,0
DA:274,0
LF:94
LH:0
end_of_record
SF:lib/pages/play/game_player_object.dart
DA:59,0
DA:64,0
DA:67,0
DA:72,0
DA:73,0
DA:74,0
DA:75,0
DA:79,0
DA:80,0
DA:82,0
DA:83,0
DA:84,0
DA:86,0
DA:87,0
DA:88,0
DA:89,0
DA:97,0
DA:100,0
DA:101,0
DA:102,0
DA:103,0
DA:106,0
DA:109,0
DA:110,0
DA:111,0
DA:112,0
DA:117,0
DA:121,0
DA:122,0
DA:124,0
DA:125,0
DA:126,0
DA:127,0
DA:128,0
DA:130,0
DA:137,0
DA:140,0
DA:141,0
DA:143,0
DA:146,0
DA:147,0
DA:148,0
DA:153,0
DA:154,0
DA:155,0
DA:156,0
DA:157,0
DA:158,0
DA:159,0
DA:160,0
DA:161,0
DA:163,0
DA:164,0
DA:165,0
DA:167,0
DA:170,0
DA:173,0
DA:174,0
DA:179,0
DA:180,0
DA:181,0
DA:184,0
DA:185,0
DA:186,0
DA:191,0
DA:192,0
DA:193,0
DA:194,0
DA:195,0
DA:196,0
DA:197,0
DA:198,0
DA:200,0
DA:201,0
DA:202,0
DA:203,0
DA:204,0
DA:205,0
DA:208,0
DA:209,0
DA:210,0
DA:211,0
DA:212,0
DA:213,0
DA:214,0
DA:221,0
DA:222,0
DA:223,0
DA:224,0
DA:225,0
DA:231,0
DA:232,0
DA:235,0
DA:237,0
DA:240,0
DA:242,0
DA:244,0
DA:245,0
DA:247,0
DA:248,0
DA:254,0
DA:256,0
DA:257,0
DA:258,0
DA:261,0
DA:262,0
DA:263,0
DA:266,0
DA:267,0
DA:268,0
DA:271,0
DA:272,0
DA:273,0
DA:274,0
DA:278,0
DA:279,0
DA:280,0
DA:281,0
DA:282,0
DA:283,0
DA:284,0
DA:285,0
DA:286,0
DA:287,0
DA:288,0
DA:289,0
DA:290,0
DA:294,0
DA:296,0
DA:297,0
DA:298,0
DA:299,0
DA:300,0
DA:301,0
DA:302,0
DA:303,0
DA:304,0
DA:305,0
DA:306,0
DA:307,0
DA:308,0
DA:315,0
DA:316,0
DA:317,0
DA:318,0
DA:319,0
DA:320,0
DA:321,0
DA:328,0
DA:329,0
DA:330,0
DA:331,0
DA:332,0
DA:333,0
DA:334,0
DA:335,0
DA:341,0
DA:342,0
DA:343,0
DA:344,0
DA:345,0
DA:346,0
DA:347,0
DA:348,0
DA:354,0
DA:355,0
DA:356,0
DA:357,0
DA:358,0
DA:364,0
DA:368,0
DA:369,0
DA:374,0
DA:378,0
DA:380,0
DA:382,0
DA:386,0
DA:390,0
DA:394,0
DA:396,0
DA:398,0
DA:399,0
DA:403,0
DA:405,0
DA:407,0
DA:408,0
LF:186
LH:0
end_of_record
SF:lib/models/games/game.dart
DA:60,1
DA:61,3
DA:64,0
DA:65,0
DA:66,0
DA:67,0
DA:68,0
DA:69,0
DA:70,0
DA:72,0
DA:74,0
DA:75,0
DA:79,0
DA:80,0
DA:83,0
DA:84,0
DA:90,0
DA:91,0
DA:92,0
DA:95,0
DA:96,0
DA:97,0
DA:98,0
DA:99,0
DA:100,0
DA:101,0
DA:102,0
DA:103,0
DA:106,0
DA:107,0
DA:108,0
DA:114,0
DA:117,0
DA:119,0
DA:123,0
DA:124,0
DA:125,0
DA:127,0
DA:128,0
DA:129,0
DA:130,0
DA:131,0
DA:132,0
DA:133,0
DA:134,0
DA:137,0
DA:138,0
DA:139,0
DA:142,0
DA:143,0
DA:146,0
DA:147,0
DA:148,0
DA:150,0
DA:151,0
DA:152,0
DA:157,0
DA:159,0
DA:160,0
DA:161,0
DA:162,0
DA:163,0
DA:165,0
DA:166,0
DA:167,0
DA:168,0
DA:169,0
DA:172,0
DA:175,0
DA:176,0
DA:177,0
DA:178,0
DA:179,0
DA:182,0
DA:185,0
DA:186,0
DA:187,0
DA:188,0
DA:189,0
DA:192,0
DA:193,0
DA:195,0
DA:200,0
DA:203,0
DA:205,0
DA:208,0
DA:209,0
DA:210,0
DA:211,0
DA:212,0
DA:215,0
DA:216,0
DA:217,0
DA:222,0
LF:94
LH:2
end_of_record
SF:lib/pages/play/game_player.dart
DA:47,0
DA:49,0
DA:50,0
DA:52,0
DA:54,0
DA:57,0
DA:59,0
DA:60,0
DA:62,0
DA:63,0
DA:64,0
DA:67,0
DA:68,0
DA:69,0
DA:73,0
DA:74,0
DA:75,0
DA:79,0
DA:80,0
DA:82,0
DA:85,0
DA:86,0
DA:87,0
DA:90,0
DA:93,0
DA:96,0
DA:97,0
DA:103,0
DA:108,0
DA:113,0
DA:115,0
DA:121,0
DA:124,0
DA:128,0
DA:130,0
DA:133,0
DA:135,0
DA:141,0
DA:146,0
DA:151,0
DA:153,0
DA:155,0
DA:156,0
DA:158,0
DA:160,0
DA:166,0
DA:167,0
DA:170,0
DA:171,0
DA:174,0
DA:175,0
DA:178,0
DA:179,0
DA:181,0
DA:182,0
DA:183,0
DA:184,0
DA:185,0
DA:187,0
DA:188,0
DA:189,0
DA:190,0
DA:195,0
DA:196,0
DA:198,0
DA:199,0
DA:200,0
DA:201,0
DA:202,0
DA:204,0
DA:205,0
DA:212,0
DA:214,0
LF:73
LH:0
end_of_record
SF:lib/models/games/game_object.dart
DA:56,0
DA:59,0
DA:60,0
DA:61,0
DA:62,0
DA:63,0
DA:64,0
DA:65,0
DA:66,0
DA:67,0
DA:68,0
DA:69,0
DA:70,0
DA:71,0
DA:77,0
DA:79,0
DA:80,0
DA:81,0
DA:82,0
DA:83,0
DA:84,0
DA:85,0
DA:88,0
DA:89,0
DA:90,0
DA:96,0
DA:97,0
DA:98,0
DA:99,0
DA:100,0
DA:104,0
DA:105,0
DA:106,0
DA:108,0
LF:34
LH:0
end_of_record
SF:lib/models/games/scene.dart
DA:13,1
DA:15,0
DA:16,0
DA:18,0
DA:19,0
DA:21,0
DA:22,0
DA:28,0
DA:31,0
DA:33,0
DA:36,0
DA:39,0
DA:42,0
DA:43,0
DA:44,0
DA:45,0
LF:16
LH:1
end_of_record
SF:lib/pages/play/event_manager.dart
DA:31,0
DA:33,0
DA:35,0
DA:36,0
DA:37,0
DA:38,0
DA:39,0
DA:40,0
DA:42,0
DA:43,0
DA:44,0
DA:45,0
DA:46,0
DA:47,0
DA:48,0
DA:49,0
DA:50,0
DA:51,0
DA:52,0
DA:53,0
DA:54,0
DA:55,0
DA:56,0
DA:57,0
DA:58,0
DA:62,0
DA:63,0
DA:67,0
DA:68,0
DA:69,0
DA:74,0
DA:75,0
DA:76,0
DA:77,0
DA:83,0
DA:84,0
DA:85,0
DA:88,0
DA:90,0
DA:91,0
DA:92,0
DA:94,0
DA:95,0
DA:96,0
DA:97,0
DA:102,0
DA:103,0
DA:105,0
DA:106,0
DA:107,0
DA:108,0
DA:114,0
DA:115,0
DA:117,0
DA:118,0
DA:119,0
DA:120,0
DA:126,0
DA:127,0
DA:128,0
DA:131,0
DA:132,0
DA:133,0
DA:134,0
DA:135,0
DA:136,0
DA:141,0
DA:146,0
DA:147,0
DA:151,0
DA:152,0
DA:154,0
DA:155,0
DA:156,0
DA:158,0
DA:164,0
DA:165,0
DA:166,0
DA:167,0
DA:170,0
DA:171,0
DA:172,0
DA:173,0
DA:175,0
DA:176,0
DA:178,0
DA:180,0
DA:182,0
DA:183,0
DA:190,0
DA:196,0
DA:197,0
DA:198,0
DA:199,0
DA:200,0
DA:203,0
DA:204,0
DA:205,0
DA:206,0
DA:208,0
DA:209,0
DA:210,0
DA:211,0
DA:212,0
DA:213,0
DA:214,0
DA:215,0
DA:216,0
DA:217,0
DA:218,0
DA:219,0
DA:220,0
DA:221,0
DA:222,0
DA:223,0
DA:224,0
DA:229,0
DA:234,0
DA:235,0
DA:236,0
DA:237,0
DA:239,0
DA:242,0
DA:243,0
DA:244,0
DA:246,0
DA:251,0
DA:252,0
DA:253,0
DA:254,0
DA:257,0
DA:258,0
DA:259,0
DA:261,0
DA:262,0
DA:264,0
DA:266,0
DA:271,0
DA:272,0
DA:275,0
DA:276,0
DA:277,0
DA:279,0
DA:284,0
DA:285,0
DA:286,0
DA:289,0
DA:290,0
DA:292,0
DA:293,0
DA:294,0
DA:300,0
DA:301,0
DA:302,0
DA:303,0
DA:308,0
DA:314,0
DA:315,0
DA:316,0
DA:317,0
DA:320,0
DA:321,0
DA:322,0
DA:323,0
DA:324,0
DA:325,0
DA:326,0
DA:327,0
DA:328,0
DA:331,0
DA:335,0
DA:336,0
DA:337,0
DA:338,0
DA:341,0
DA:343,0
DA:344,0
DA:345,0
DA:346,0
DA:347,0
DA:348,0
DA:351,0
DA:355,0
DA:356,0
DA:357,0
DA:358,0
DA:361,0
DA:362,0
DA:364,0
DA:365,0
DA:366,0
DA:367,0
DA:368,0
DA:369,0
DA:372,0
DA:377,0
DA:378,0
DA:381,0
DA:383,0
DA:388,0
DA:389,0
DA:390,0
DA:393,0
DA:395,0
DA:400,0
DA:401,0
DA:402,0
DA:405,0
DA:406,0
DA:407,0
DA:409,0
DA:415,0
DA:416,0
DA:417,0
DA:420,0
DA:421,0
DA:422,0
DA:424,0
DA:430,0
DA:431,0
DA:432,0
DA:433,0
DA:436,0
DA:439,0
DA:440,0
DA:441,0
DA:443,0
LF:227
LH:0
end_of_record
SF:lib/pages/play/exitbutton.dart
DA:12,2
DA:14,2
DA:16,2
DA:17,2
DA:18,2
DA:19,2
DA:20,2
DA:21,4
DA:22,2
DA:23,2
DA:29,0
DA:31,0
LF:12
LH:10
end_of_record
SF:lib/pages/play/uploadbutton.dart
DA:15,1
DA:17,1
DA:19,1
DA:20,1
DA:21,1
DA:22,4
DA:23,1
DA:24,2
DA:25,1
DA:26,1
DA:32,1
DA:34,2
LF:12
LH:12
end_of_record
SF:lib/pages/play/game_player_ui_object.dart
DA:32,0
DA:37,0
DA:39,0
DA:41,0
DA:44,0
DA:47,0
DA:48,0
DA:49,0
DA:52,0
DA:54,0
DA:56,0
DA:57,0
DA:58,0
DA:66,0
DA:67,0
DA:69,0
DA:70,0
DA:71,0
DA:72,0
DA:77,0
DA:81,0
DA:82,0
DA:84,0
DA:87,0
DA:92,0
DA:93,0
DA:94,0
DA:95,0
DA:96,0
DA:97,0
DA:98,0
DA:99,0
DA:100,0
DA:102,0
DA:104,0
DA:107,0
DA:115,0
DA:116,0
DA:117,0
DA:118,0
DA:119,0
DA:124,0
DA:126,0
DA:129,0
DA:131,0
DA:133,0
DA:134,0
DA:135,0
DA:136,0
DA:142,0
DA:143,0
DA:144,0
DA:145,0
DA:146,0
DA:147,0
DA:148,0
DA:155,0
DA:156,0
DA:157,0
DA:158,0
DA:159,0
DA:160,0
DA:161,0
DA:162,0
DA:168,0
DA:169,0
DA:170,0
DA:171,0
DA:172,0
DA:173,0
DA:174,0
DA:175,0
DA:181,0
DA:182,0
DA:183,0
DA:184,0
DA:185,0
DA:191,0
DA:195,0
DA:196,0
DA:201,0
DA:205,0
DA:207,0
DA:209,0
DA:213,0
DA:217,0
LF:86
LH:0
end_of_record
SF:lib/pages/my_games/my_games_page.dart
DA:13,1
DA:15,1
DA:16,1
DA:23,1
DA:24,1
DA:25,0
DA:26,0
DA:28,0
DA:29,0
DA:30,0
DA:31,0
DA:33,0
DA:34,0
DA:35,0
DA:38,0
DA:42,0
DA:48,0
DA:49,0
DA:50,0
DA:52,0
DA:53,0
DA:54,0
DA:55,0
DA:56,0
DA:57,0
DA:63,0
DA:64,0
DA:74,1
DA:76,1
DA:77,2
DA:78,2
DA:81,1
DA:82,1
DA:83,2
DA:84,2
DA:89,0
DA:90,0
DA:91,0
DA:92,0
DA:96,1
DA:100,1
DA:101,1
DA:103,1
DA:105,1
DA:106,1
DA:107,1
DA:108,1
DA:109,2
DA:111,1
DA:112,4
DA:113,0
DA:114,0
DA:115,0
DA:116,0
DA:117,0
DA:118,0
DA:119,0
DA:120,0
DA:121,0
DA:122,0
DA:124,0
DA:126,0
DA:127,0
DA:129,0
DA:130,0
DA:138,0
DA:140,0
DA:141,0
DA:155,1
DA:156,1
DA:157,1
DA:159,1
DA:165,1
DA:166,1
DA:168,1
DA:169,1
DA:170,1
DA:172,1
DA:176,1
DA:177,1
DA:178,0
DA:181,1
DA:182,1
DA:183,1
DA:184,1
DA:187,1
DA:188,1
DA:189,1
DA:191,1
DA:192,2
DA:208,0
DA:209,0
DA:211,0
DA:212,0
DA:213,0
DA:215,0
DA:216,0
DA:217,0
DA:218,0
DA:221,0
DA:222,0
DA:223,0
DA:224,0
LF:103
LH:45
end_of_record
SF:lib/pages/my_games/game_editor/add_component_page.dart
DA:16,0
DA:18,0
DA:19,0
DA:23,0
DA:25,0
DA:28,0
DA:31,0
DA:32,0
DA:34,0
DA:37,0
DA:38,0
DA:41,0
DA:42,0
DA:43,0
DA:44,0
DA:45,0
DA:46,0
DA:47,0
DA:48,0
LF:19
LH:0
end_of_record
SF:lib/pages/my_games/game_editor/asset_editor_page.dart
DA:26,0
DA:28,0
DA:30,0
DA:35,0
DA:37,0
DA:43,0
DA:44,0
DA:45,0
DA:46,0
DA:47,0
DA:54,0
DA:55,0
DA:56,0
DA:57,0
DA:64,0
DA:65,0
DA:66,0
DA:70,0
DA:73,0
DA:75,0
DA:76,0
DA:83,0
DA:85,0
DA:87,0
DA:88,0
DA:90,0
DA:91,0
DA:94,0
DA:96,0
DA:97,0
DA:106,0
DA:107,0
DA:108,0
DA:109,0
DA:111,0
DA:113,0
DA:114,0
DA:115,0
DA:116,0
DA:118,0
DA:119,0
DA:125,0
DA:127,0
DA:128,0
DA:136,0
DA:137,0
DA:138,0
DA:139,0
DA:140,0
DA:141,0
DA:142,0
LF:51
LH:0
end_of_record
SF:lib/pages/my_games/game_editor/editor/object_scene_component.dart
DA:61,0
DA:74,0
DA:76,0
DA:78,0
DA:79,0
DA:80,0
DA:84,0
DA:85,0
DA:86,0
DA:87,0
DA:93,0
DA:94,0
DA:95,0
DA:101,0
DA:102,0
DA:103,0
DA:106,0
DA:108,0
DA:110,0
DA:112,0
DA:113,0
DA:114,0
DA:115,0
DA:116,0
DA:118,0
DA:119,0
DA:120,0
DA:121,0
DA:124,0
DA:128,0
DA:130,0
DA:132,0
DA:133,0
DA:134,0
DA:138,0
DA:139,0
DA:140,0
DA:142,0
DA:145,0
DA:148,0
DA:149,0
DA:150,0
DA:151,0
DA:152,0
DA:153,0
DA:154,0
DA:155,0
DA:156,0
DA:157,0
DA:158,0
DA:159,0
DA:160,0
DA:161,0
DA:163,0
DA:167,0
DA:168,0
DA:173,0
DA:175,0
DA:178,0
DA:179,0
DA:180,0
DA:181,0
DA:182,0
DA:183,0
DA:186,0
DA:187,0
DA:188,0
DA:189,0
DA:190,0
DA:195,0
DA:197,0
DA:200,0
DA:201,0
DA:202,0
DA:203,0
DA:204,0
DA:206,0
DA:214,0
DA:215,0
DA:218,0
DA:219,0
DA:221,0
DA:222,0
DA:225,0
DA:226,0
DA:227,0
DA:229,0
DA:230,0
DA:232,0
DA:236,0
DA:237,0
DA:240,0
DA:241,0
DA:245,0
DA:246,0
DA:249,0
DA:252,0
DA:253,0
DA:256,0
DA:258,0
LF:100
LH:0
end_of_record
SF:lib/pages/my_games/game_editor/edit_component_page.dart
DA:21,0
DA:23,0
DA:24,0
DA:26,0
DA:27,0
DA:32,0
DA:34,0
DA:37,0
DA:40,0
DA:41,0
DA:42,0
DA:43,0
DA:45,0
DA:47,0
DA:52,0
DA:53,0
DA:54,0
DA:56,0
DA:58,0
DA:59,0
DA:60,0
DA:61,0
LF:22
LH:0
end_of_record
SF:lib/pages/my_games/game_editor/assets_page.dart
DA:17,0
DA:19,0
DA:20,0
DA:24,0
DA:26,0
DA:29,0
DA:31,0
DA:32,0
DA:33,0
DA:37,0
DA:38,0
DA:41,0
DA:42,0
DA:43,0
DA:44,0
DA:45,0
DA:46,0
DA:47,0
DA:48,0
DA:50,0
DA:52,0
DA:57,0
DA:58,0
DA:59,0
DA:60,0
DA:61,0
DA:63,0
DA:64,0
DA:65,0
DA:67,0
DA:68,0
DA:69,0
DA:74,0
DA:75,0
DA:76,0
LF:35
LH:0
end_of_record
SF:lib/pages/my_games/game_editor/editor/bottom_bar_button_canvas_component.dart
DA:28,2
DA:33,1
DA:34,1
DA:35,1
DA:38,1
DA:40,1
DA:41,2
DA:43,2
DA:44,5
DA:47,2
DA:48,2
DA:49,1
DA:50,1
DA:53,2
DA:56,1
DA:58,1
DA:60,3
DA:61,4
DA:63,0
DA:67,1
DA:69,1
DA:74,0
DA:76,0
DA:77,0
LF:24
LH:20
end_of_record
SF:lib/pages/my_games/game_editor/editor/editor.dart
DA:48,1
DA:56,0
DA:57,0
DA:61,0
DA:62,0
DA:63,0
DA:65,0
DA:70,1
DA:71,1
DA:75,0
DA:76,0
DA:77,0
DA:78,0
DA:80,0
DA:81,0
DA:82,0
DA:86,0
DA:87,0
DA:88,0
DA:92,0
DA:95,0
DA:97,0
DA:98,0
DA:99,0
DA:103,0
DA:104,0
DA:105,0
DA:106,0
DA:114,1
DA:115,1
DA:119,0
DA:120,0
DA:124,0
DA:125,0
DA:129,0
DA:130,0
DA:131,0
DA:132,0
DA:137,0
DA:138,0
DA:139,0
DA:143,0
DA:144,0
DA:145,0
DA:146,0
DA:147,0
DA:148,0
DA:149,0
DA:150,0
DA:151,0
DA:153,0
DA:154,0
DA:156,0
DA:157,0
DA:158,0
DA:163,0
DA:164,0
DA:165,0
DA:166,0
DA:167,0
DA:168,0
DA:170,0
DA:171,0
DA:172,0
DA:173,0
DA:174,0
DA:175,0
DA:176,0
DA:177,0
DA:179,0
DA:182,0
DA:183,0
DA:185,0
DA:186,0
DA:187,0
DA:192,0
DA:193,0
DA:194,0
DA:195,0
DA:196,0
DA:198,0
DA:199,0
DA:200,0
DA:206,0
DA:207,0
DA:208,0
DA:209,0
DA:211,0
DA:212,0
DA:213,0
DA:218,0
DA:219,0
DA:221,0
DA:222,0
DA:225,0
DA:226,0
DA:229,0
DA:230,0
DA:232,0
DA:233,0
DA:234,0
DA:235,0
DA:236,0
DA:238,0
DA:239,0
DA:240,0
DA:241,0
DA:243,0
DA:244,0
DA:247,0
DA:248,0
DA:249,0
DA:250,0
DA:251,0
DA:253,0
DA:254,0
DA:255,0
DA:256,0
DA:258,0
DA:261,0
DA:262,0
DA:265,1
DA:266,1
DA:269,0
DA:270,0
DA:273,0
DA:274,0
DA:277,0
DA:278,0
DA:279,0
DA:280,0
DA:281,0
DA:282,0
DA:283,0
DA:284,0
DA:285,0
DA:286,0
DA:288,0
DA:290,0
DA:291,0
DA:292,0
DA:293,0
DA:297,0
DA:298,0
DA:299,0
DA:300,0
DA:301,0
DA:302,0
DA:303,0
DA:305,0
DA:306,0
DA:308,0
DA:314,1
DA:319,1
DA:321,1
DA:323,3
DA:324,4
DA:327,1
DA:328,1
DA:329,2
DA:330,1
DA:331,1
DA:332,1
DA:333,1
DA:334,1
DA:335,1
DA:336,1
DA:337,1
DA:338,1
DA:339,2
DA:340,2
DA:341,2
DA:342,2
DA:343,1
DA:344,1
DA:345,2
DA:346,1
DA:347,1
DA:348,1
DA:349,1
DA:350,2
DA:351,1
DA:354,1
DA:355,1
DA:359,1
DA:360,1
DA:365,1
DA:366,7
DA:367,11
DA:368,2
DA:369,1
DA:370,1
DA:371,1
DA:375,2
DA:376,2
DA:377,1
DA:378,5
DA:381,3
DA:382,3
DA:383,4
DA:384,2
DA:387,7
DA:388,0
DA:389,0
DA:390,0
DA:391,0
DA:393,0
DA:394,0
DA:395,0
DA:396,0
DA:399,0
DA:400,0
DA:401,0
DA:404,7
DA:405,0
DA:406,0
DA:407,0
DA:408,0
DA:410,0
DA:411,0
DA:412,0
DA:413,0
DA:415,0
DA:416,0
DA:420,3
DA:421,3
DA:424,3
DA:427,1
DA:429,1
DA:430,3
DA:433,1
DA:435,1
DA:438,0
DA:440,0
DA:443,0
DA:445,0
DA:446,0
DA:447,0
DA:451,0
DA:453,0
LF:240
LH:66
end_of_record
SF:lib/pages/my_games/game_editor/editor/bottom_bar_button_component.dart
DA:21,1
DA:22,1
DA:23,1
DA:26,1
DA:28,1
DA:29,2
DA:31,3
DA:32,1
DA:33,1
DA:34,1
DA:35,1
DA:38,1
DA:41,1
DA:43,1
DA:46,1
DA:48,1
DA:51,0
DA:53,0
DA:54,0
LF:19
LH:16
end_of_record
SF:lib/pages/my_games/game_editor/editor/bottom_bar_button_mode_component.dart
DA:26,2
DA:31,1
DA:32,1
DA:33,1
DA:36,1
DA:38,1
DA:39,2
DA:41,2
DA:42,5
DA:44,2
DA:45,2
DA:46,1
DA:47,1
DA:50,2
DA:53,1
DA:55,1
DA:57,3
DA:58,4
DA:60,0
DA:64,1
DA:66,1
DA:71,0
DA:73,0
DA:74,0
LF:24
LH:20
end_of_record
SF:lib/pages/my_games/game_editor/editor/bottom_bar_callbacks.dart
DA:35,1
LF:1
LH:1
end_of_record
SF:lib/pages/my_games/game_editor/editor/object_ui_component.dart
DA:59,0
DA:73,0
DA:75,0
DA:77,0
DA:78,0
DA:79,0
DA:83,0
DA:84,0
DA:85,0
DA:86,0
DA:92,0
DA:93,0
DA:94,0
DA:100,0
DA:101,0
DA:102,0
DA:105,0
DA:107,0
DA:108,0
DA:110,0
DA:114,0
DA:116,0
DA:117,0
DA:120,0
DA:121,0
DA:123,0
DA:126,0
DA:127,0
DA:128,0
DA:129,0
DA:130,0
DA:131,0
DA:132,0
DA:133,0
DA:134,0
DA:135,0
DA:136,0
DA:139,0
DA:140,0
DA:145,0
DA:147,0
DA:150,0
DA:151,0
DA:152,0
DA:153,0
DA:154,0
DA:155,0
DA:158,0
DA:159,0
DA:160,0
DA:161,0
DA:162,0
DA:167,0
DA:169,0
DA:172,0
DA:173,0
DA:174,0
DA:175,0
DA:176,0
DA:178,0
DA:186,0
DA:187,0
DA:190,0
DA:191,0
DA:193,0
DA:194,0
DA:196,0
DA:197,0
DA:198,0
DA:199,0
DA:201,0
DA:202,0
DA:206,0
DA:207,0
DA:210,0
DA:213,0
DA:214,0
DA:217,0
DA:219,0
LF:79
LH:0
end_of_record
SF:lib/pages/my_games/game_editor/editor/bottom_bar_component.dart
DA:46,1
DA:50,1
DA:53,1
DA:55,1
DA:58,5
DA:59,1
DA:62,1
DA:64,3
DA:65,1
DA:66,2
DA:72,5
DA:73,0
DA:76,1
DA:77,2
DA:78,0
DA:79,0
DA:81,0
DA:86,2
DA:88,4
DA:89,0
DA:90,0
DA:93,5
DA:94,0
DA:95,0
DA:96,0
DA:98,0
DA:99,0
DA:103,5
DA:104,0
DA:105,0
DA:108,5
DA:109,0
DA:110,0
DA:113,7
DA:114,0
DA:117,5
DA:118,0
DA:119,0
DA:123,1
DA:124,2
DA:125,2
DA:126,2
DA:127,2
DA:128,2
DA:129,2
DA:130,2
DA:131,2
DA:134,1
DA:136,1
DA:139,4
DA:140,0
DA:141,0
DA:144,3
DA:145,2
DA:150,1
DA:152,1
LF:56
LH:36
end_of_record
SF:lib/pages/my_games/game_editor/editor/editor_callbacks.dart
DA:23,1
LF:1
LH:1
end_of_record
SF:lib/pages/my_games/game_editor/editor/side_bar_component.dart
DA:38,1
DA:42,1
DA:45,1
DA:47,1
DA:50,2
DA:51,1
DA:54,2
DA:56,1
DA:58,1
DA:59,1
DA:60,1
DA:61,1
DA:69,3
DA:70,0
DA:71,0
DA:72,0
DA:74,0
DA:78,3
DA:79,0
DA:80,0
DA:81,0
DA:82,0
DA:83,0
DA:85,0
DA:86,0
DA:87,0
DA:88,0
DA:89,0
DA:94,2
DA:95,2
DA:96,2
DA:99,1
DA:101,1
DA:104,3
DA:105,3
DA:106,3
DA:107,3
DA:109,3
DA:110,3
DA:112,3
DA:113,3
DA:116,0
DA:117,0
DA:119,0
DA:120,0
DA:122,0
DA:123,0
DA:130,1
DA:132,1
LF:49
LH:29
end_of_record
SF:lib/pages/my_games/game_editor/editor/editor_page.dart
DA:31,1
DA:34,1
DA:36,1
DA:37,1
DA:41,1
DA:44,1
DA:47,0
DA:49,0
DA:51,0
DA:52,0
DA:55,0
DA:62,0
DA:63,0
DA:67,0
DA:68,0
DA:72,0
DA:73,0
DA:74,0
DA:78,0
DA:79,0
DA:80,0
DA:84,0
DA:85,0
DA:86,0
DA:88,0
DA:93,0
DA:94,0
DA:97,0
DA:98,0
DA:102,0
DA:103,0
DA:104,0
DA:105,0
DA:109,0
DA:110,0
DA:111,0
DA:112,0
DA:116,0
DA:117,0
DA:118,0
DA:121,0
DA:122,0
DA:123,0
DA:128,0
DA:130,0
DA:131,0
DA:132,0
DA:135,0
DA:136,0
DA:137,0
DA:138,0
DA:139,0
DA:144,0
DA:145,0
DA:150,0
DA:151,0
DA:152,0
DA:153,0
DA:154,0
DA:155,0
DA:156,0
DA:161,0
DA:162,0
DA:163,0
DA:164,0
DA:165,0
DA:170,0
DA:171,0
DA:174,0
DA:176,0
DA:181,1
DA:182,0
DA:183,0
DA:184,0
DA:185,0
DA:187,0
DA:188,0
DA:189,0
DA:191,0
DA:192,0
DA:193,0
DA:194,0
DA:198,0
DA:200,0
DA:201,0
DA:202,0
DA:205,0
DA:206,0
DA:210,1
DA:211,0
DA:212,0
DA:216,1
DA:218,0
DA:219,0
DA:221,0
DA:222,0
DA:224,0
DA:226,0
DA:230,1
DA:232,0
DA:234,0
DA:236,0
DA:237,0
DA:238,0
DA:245,1
DA:246,0
DA:247,0
DA:249,0
DA:250,0
DA:254,1
DA:255,0
DA:256,0
DA:258,0
DA:259,0
DA:260,0
DA:261,0
DA:263,0
DA:267,1
DA:269,1
DA:270,1
DA:271,1
DA:272,1
DA:273,1
DA:274,1
DA:275,1
DA:276,1
DA:277,1
DA:278,1
DA:279,1
DA:280,1
DA:281,1
DA:282,1
DA:285,1
DA:286,1
DA:287,1
DA:288,1
DA:289,1
DA:290,1
DA:291,2
LF:139
LH:34
end_of_record
SF:lib/pages/my_games/game_editor/object_editor_page.dart
DA:28,0
DA:30,0
DA:32,0
DA:37,0
DA:39,0
DA:45,0
DA:46,0
DA:47,0
DA:48,0
DA:49,0
DA:50,0
DA:57,0
DA:58,0
DA:59,0
DA:60,0
DA:65,0
DA:66,0
DA:67,0
DA:68,0
DA:72,0
DA:73,0
DA:74,0
DA:75,0
DA:76,0
DA:77,0
DA:78,0
DA:84,0
DA:87,0
DA:89,0
DA:90,0
DA:91,0
DA:98,0
DA:100,0
DA:101,0
DA:104,0
DA:110,0
DA:111,0
DA:118,0
DA:120,0
DA:122,0
DA:123,0
DA:125,0
DA:126,0
DA:129,0
DA:131,0
DA:132,0
DA:141,0
DA:142,0
DA:143,0
DA:144,0
DA:145,0
DA:154,0
DA:155,0
DA:156,0
DA:157,0
DA:158,0
DA:159,0
DA:160,0
DA:161,0
DA:170,0
DA:171,0
DA:172,0
DA:173,0
DA:174,0
DA:175,0
DA:187,0
DA:188,0
DA:189,0
DA:191,0
DA:193,0
DA:195,0
DA:204,0
DA:206,0
DA:207,0
DA:208,0
DA:209,0
DA:211,0
DA:213,0
DA:214,0
DA:215,0
DA:216,0
DA:217,0
DA:219,0
DA:225,0
DA:227,0
DA:228,0
DA:236,0
DA:237,0
DA:238,0
DA:239,0
DA:240,0
DA:241,0
DA:242,0
DA:243,0
LF:94
LH:0
end_of_record
SF:lib/services/api.dart
DA:10,8
DA:11,0
DA:16,1
DA:18,1
DA:19,0
DA:23,0
DA:24,0
DA:30,1
DA:31,0
DA:32,1
DA:33,0
DA:34,0
DA:38,0
DA:39,0
DA:43,1
DA:53,1
DA:54,0
DA:55,0
DA:56,0
DA:57,0
DA:58,0
DA:59,1
DA:60,0
DA:62,0
DA:63,1
DA:64,0
DA:65,0
DA:69,0
DA:72,0
DA:73,0
DA:79,0
DA:80,0
DA:81,0
DA:82,0
DA:85,0
DA:86,0
DA:87,0
DA:88,0
DA:89,0
DA:93,0
DA:94,0
DA:95,0
DA:102,0
DA:103,0
DA:104,0
DA:105,0
DA:106,0
DA:109,0
DA:110,0
DA:113,0
DA:114,0
DA:115,0
DA:116,0
DA:117,0
DA:120,0
DA:124,0
DA:125,0
DA:133,0
DA:134,0
DA:136,0
DA:137,0
DA:140,0
DA:141,0
DA:143,0
DA:144,0
DA:147,0
DA:148,0
DA:149,0
DA:150,0
DA:151,0
DA:152,0
DA:155,0
DA:156,0
DA:157,0
DA:161,0
DA:162,0
DA:163,0
DA:164,0
DA:177,0
DA:187,0
DA:189,0
DA:190,0
DA:191,0
DA:192,0
DA:193,0
DA:194,0
DA:195,0
DA:210,0
DA:221,0
DA:223,0
DA:224,0
DA:225,0
DA:226,0
DA:227,0
DA:228,0
DA:229,0
DA:230,0
LF:97
LH:9
end_of_record
SF:lib/pages/my_games/game_editor/medias_page.dart
DA:20,0
DA:22,0
DA:23,0
DA:27,0
DA:29,0
DA:32,0
DA:33,0
DA:34,0
DA:35,0
DA:36,0
DA:37,0
DA:43,0
DA:44,0
DA:45,0
DA:46,0
DA:48,0
DA:51,0
DA:54,0
DA:56,0
DA:57,0
DA:60,0
DA:61,0
DA:62,0
DA:63,0
DA:68,0
DA:69,0
DA:70,0
DA:71,0
DA:72,0
DA:73,0
DA:74,0
DA:75,0
DA:76,0
DA:77,0
DA:78,0
DA:79,0
DA:80,0
DA:84,0
DA:85,0
DA:89,0
DA:90,0
DA:92,0
DA:93,0
DA:95,0
DA:100,0
DA:102,0
DA:103,0
DA:104,0
LF:48
LH:0
end_of_record
SF:lib/pages/my_games/game_editor/objects_page.dart
DA:19,0
DA:21,0
DA:22,0
DA:26,0
DA:28,0
DA:31,0
DA:33,0
DA:34,0
DA:37,0
DA:38,0
DA:39,0
DA:40,0
DA:41,0
DA:42,0
DA:43,0
DA:45,0
DA:46,0
DA:47,0
DA:48,0
DA:49,0
DA:50,0
DA:54,0
DA:55,0
DA:56,0
DA:57,0
DA:58,0
DA:59,0
DA:63,0
DA:64,0
DA:65,0
DA:66,0
DA:67,0
DA:71,0
DA:73,0
DA:74,0
DA:75,0
DA:76,0
DA:83,0
DA:84,0
DA:85,0
LF:40
LH:0
end_of_record
SF:lib/pages/my_games/game_editor/scenes_page.dart
DA:21,0
DA:23,0
DA:24,0
DA:28,0
DA:30,0
DA:33,0
DA:35,0
DA:36,0
DA:39,0
DA:40,0
DA:42,0
DA:44,0
DA:45,0
DA:46,0
DA:48,0
DA:52,0
DA:53,0
DA:54,0
DA:55,0
DA:59,0
DA:60,0
DA:61,0
DA:62,0
DA:64,0
DA:75,0
DA:76,0
DA:77,0
DA:78,0
DA:79,0
DA:80,0
DA:81,0
DA:83,0
DA:85,0
DA:86,0
DA:88,0
DA:90,0
DA:91,0
DA:94,0
DA:95,0
DA:96,0
DA:97,0
DA:107,0
DA:108,0
DA:109,0
DA:116,0
DA:117,0
DA:118,0
LF:47
LH:0
end_of_record
SF:lib/pages/my_games/game_editor/media_editor_page.dart
DA:16,0
DA:18,0
DA:19,0
DA:23,0
DA:25,0
DA:28,0
DA:31,0
DA:33,0
DA:34,0
DA:37,0
DA:38,0
DA:39,0
DA:40,0
DA:44,0
DA:45,0
DA:47,0
DA:48,0
DA:50,0
DA:51,0
DA:52,0
DA:54,0
DA:55,0
DA:58,0
DA:60,0
DA:61,0
DA:70,0
DA:71,0
DA:72,0
DA:73,0
DA:74,0
DA:75,0
DA:79,0
DA:81,0
DA:83,0
DA:84,0
DA:85,0
DA:86,0
DA:87,0
DA:88,0
DA:89,0
DA:90,0
DA:91,0
DA:98,0
DA:99,0
DA:100,0
DA:101,0
DA:105,0
DA:106,0
DA:107,0
DA:108,0
DA:109,0
DA:116,0
DA:117,0
DA:118,0
DA:119,0
DA:124,0
DA:125,0
DA:126,0
DA:127,0
DA:128,0
DA:129,0
DA:136,0
DA:137,0
DA:138,0
DA:139,0
DA:143,0
DA:144,0
DA:145,0
DA:146,0
DA:147,0
DA:154,0
DA:155,0
DA:156,0
DA:157,0
DA:162,0
DA:163,0
DA:164,0
DA:165,0
DA:166,0
DA:167,0
DA:174,0
DA:176,0
DA:180,0
DA:181,0
DA:182,0
DA:183,0
DA:184,0
DA:191,0
DA:193,0
DA:200,0
DA:201,0
DA:202,0
DA:203,0
LF:93
LH:0
end_of_record
SF:lib/pages/my_games/game_editor/paint/paint_page.dart
DA:14,0
DA:16,0
DA:17,0
DA:21,0
DA:23,0
DA:26,0
DA:27,0
DA:28,0
DA:32,0
DA:33,0
DA:34,0
DA:38,0
DA:39,0
DA:40,0
DA:44,0
DA:45,0
DA:46,0
DA:50,0
DA:51,0
DA:52,0
DA:53,0
DA:54,0
DA:58,0
DA:59,0
DA:60,0
DA:61,0
DA:62,0
DA:64,0
DA:65,0
DA:66,0
DA:67,0
DA:68,0
DA:69,0
DA:72,0
DA:76,0
DA:77,0
DA:78,0
DA:79,0
DA:82,0
DA:85,0
DA:88,0
DA:89,0
DA:92,0
DA:93,0
DA:94,0
DA:95,0
DA:96,0
DA:97,0
DA:98,0
DA:99,0
DA:100,0
DA:102,0
DA:103,0
DA:104,0
LF:54
LH:0
end_of_record
SF:lib/pages/my_games/game_editor/object_select_parent_page.dart
DA:17,0
DA:19,0
DA:20,0
DA:24,0
DA:26,0
DA:29,0
DA:31,0
DA:33,0
DA:34,0
DA:37,0
DA:38,0
DA:39,0
DA:40,0
DA:41,0
DA:42,0
DA:43,0
DA:44,0
LF:17
LH:0
end_of_record
SF:lib/pages/my_games/game_editor/paint/paint_bar.dart
DA:14,0
DA:22,0
DA:25,0
DA:27,0
DA:29,0
DA:31,0
DA:32,0
DA:33,0
DA:35,0
DA:36,0
DA:40,0
DA:42,0
DA:43,0
DA:46,0
DA:48,0
DA:49,0
DA:51,0
DA:52,0
DA:54,0
DA:55,0
DA:57,0
DA:58,0
DA:67,0
DA:69,0
DA:70,0
DA:73,0
DA:75,0
DA:76,0
DA:79,0
DA:81,0
DA:82,0
LF:31
LH:0
end_of_record
SF:lib/pages/my_games/game_editor/paint/paint_canvas_painter.dart
DA:9,0
DA:11,0
DA:13,0
DA:14,0
DA:15,0
DA:16,0
DA:18,0
DA:21,0
DA:22,0
DA:23,0
DA:24,0
DA:25,0
DA:26,0
DA:27,0
DA:31,0
DA:32,0
DA:33,0
DA:34,0
DA:36,0
DA:37,0
DA:38,0
DA:41,0
DA:46,0
DA:58,0
DA:59,0
DA:60,0
DA:62,0
DA:64,0
DA:67,0
DA:68,0
DA:71,0
DA:72,0
DA:73,0
DA:77,0
DA:78,0
DA:79,0
DA:88,0
LF:37
LH:0
end_of_record
SF:lib/pages/my_games/game_editor/paint/paint_canvas.dart
DA:11,0
DA:18,0
DA:19,0
DA:26,0
DA:28,0
DA:31,0
DA:33,0
DA:34,0
DA:36,0
DA:38,0
DA:40,0
DA:41,0
DA:42,0
DA:43,0
DA:45,0
DA:46,0
DA:48,0
DA:49,0
DA:50,0
DA:53,0
DA:54,0
DA:55,0
DA:56,0
DA:58,0
DA:59,0
DA:60,0
DA:65,0
DA:66,0
DA:73,0
DA:77,0
DA:78,0
DA:79,0
LF:32
LH:0
end_of_record
SF:lib/pages/my_games/my_profile_page.dart
DA:7,1
DA:9,1
DA:10,1
DA:21,1
DA:23,1
DA:24,1
DA:27,1
DA:30,1
DA:32,1
DA:33,0
DA:34,0
DA:36,0
DA:37,0
DA:38,0
DA:39,0
DA:40,0
DA:41,0
DA:42,0
DA:44,0
DA:47,0
DA:51,0
DA:54,2
DA:57,1
DA:58,1
DA:59,1
DA:61,1
DA:62,1
DA:63,1
DA:66,1
DA:67,2
DA:68,2
DA:69,1
DA:70,1
DA:71,0
DA:72,0
DA:74,0
DA:75,0
DA:76,0
DA:79,0
DA:80,0
DA:81,0
DA:82,0
DA:83,0
DA:84,0
DA:88,1
DA:89,1
DA:98,1
DA:101,1
DA:104,1
DA:105,1
DA:108,1
DA:109,2
DA:117,1
DA:118,1
DA:119,2
DA:122,1
DA:123,1
DA:124,2
DA:127,1
DA:130,1
DA:131,2
DA:133,0
DA:134,0
DA:136,0
DA:137,0
DA:139,0
DA:140,0
DA:142,0
DA:143,0
DA:144,0
DA:145,0
DA:146,0
DA:147,0
DA:155,1
DA:156,1
DA:157,1
DA:158,1
DA:159,1
DA:160,1
DA:163,0
DA:164,0
DA:165,0
DA:166,0
DA:168,0
DA:169,0
DA:172,2
DA:173,3
DA:176,1
DA:189,0
DA:190,0
DA:192,0
DA:193,0
DA:198,1
DA:200,1
DA:201,1
DA:203,1
DA:205,1
DA:206,1
DA:208,1
DA:210,1
DA:211,1
DA:212,1
DA:213,1
DA:215,1
DA:216,1
DA:221,4
DA:222,2
DA:223,1
DA:225,2
DA:226,2
DA:234,1
DA:235,1
DA:236,1
DA:237,2
DA:238,1
DA:240,2
LF:116
LH:71
end_of_record
