TN:
SF:lib/data/ComponentList.dart
FNF:0
FNH:0
DA:23,12
DA:24,4
DA:25,4
DA:26,4
DA:27,4
DA:28,4
DA:29,4
DA:30,4
DA:31,4
DA:32,4
DA:33,4
DA:34,4
DA:37,6
DA:38,2
DA:39,2
DA:40,2
DA:41,2
DA:42,2
DA:45,4
DA:46,4
DA:49,2
DA:50,2
DA:53,3
DA:54,1
DA:55,1
DA:58,1
DA:59,1
DA:62,1
DA:63,2
LF:29
LH:29
end_of_record
TN:
SF:lib/models/component_fields/blocky/addons_manager.dart
FNF:0
FNH:0
DA:8,1
DA:11,1
DA:12,2
DA:13,1
DA:14,5
DA:15,4
DA:16,1
DA:17,2
DA:18,3
DA:24,1
DA:25,2
DA:26,1
DA:27,5
DA:28,4
DA:29,1
DA:30,2
DA:31,3
DA:37,1
DA:38,2
DA:39,1
DA:40,5
DA:41,4
DA:42,1
DA:43,2
DA:44,3
DA:50,1
DA:51,1
DA:52,1
DA:53,1
DA:54,1
DA:55,1
DA:56,1
DA:57,1
LF:33
LH:33
end_of_record
TN:
SF:lib/models/component_fields/blocky/toolbox.dart
FNF:0
FNH:0
DA:6,1
DA:9,1
DA:10,1
DA:12,5
LF:4
LH:4
end_of_record
TN:
SF:lib/models/component_fields/blocky/toolbox_block.dart
FNF:0
FNH:0
DA:6,2
DA:9,0
DA:10,0
DA:14,1
DA:15,1
LF:5
LH:3
end_of_record
TN:
SF:lib/models/component_fields/blocky/toolbox_category.dart
FNF:0
FNH:0
DA:12,2
DA:15,1
DA:16,1
DA:18,1
DA:19,1
DA:22,1
DA:23,0
DA:26,1
DA:27,6
LF:9
LH:8
end_of_record
TN:
SF:lib/models/component_fields/component_field_blocky.dart
FNF:0
FNH:0
DA:29,6
DA:31,2
DA:33,6
DA:37,2
DA:39,6
DA:43,1
DA:46,0
DA:58,0
DA:68,0
DA:74,0
DA:76,0
DA:77,0
DA:79,0
DA:80,0
DA:82,0
DA:83,0
DA:87,0
DA:91,0
DA:92,0
DA:95,0
DA:96,0
DA:97,0
DA:101,0
DA:103,0
DA:105,0
DA:106,0
DA:107,0
DA:108,0
DA:110,0
DA:115,0
DA:119,0
DA:124,2
DA:126,6
DA:129,1
DA:130,3
DA:132,1
DA:134,1
DA:137,1
DA:139,1
DA:141,3
DA:142,2
DA:143,3
DA:144,1
DA:146,2
DA:147,0
DA:148,0
DA:152,1
DA:156,1
DA:158,1
DA:161,2
DA:162,2
LF:51
LH:24
end_of_record
TN:
SF:lib/models/component_fields/component_field_bool.dart
FNF:0
FNH:0
DA:12,5
DA:16,5
DA:19,1
DA:22,1
DA:24,1
DA:27,1
DA:29,3
DA:32,1
DA:33,1
DA:35,1
DA:37,1
DA:40,1
DA:42,2
DA:45,1
DA:47,1
DA:48,2
DA:60,1
DA:67,1
DA:68,1
DA:72,1
DA:74,1
DA:75,3
DA:76,3
DA:77,1
DA:78,2
DA:79,3
DA:80,3
DA:81,0
LF:28
LH:27
end_of_record
TN:
SF:lib/models/component_fields/component_field_color.dart
FNF:0
FNH:0
DA:16,9
DA:20,9
DA:23,1
DA:26,0
DA:28,0
DA:29,0
DA:32,6
DA:34,18
DA:37,5
DA:38,5
DA:40,1
DA:41,1
DA:44,4
DA:46,4
DA:49,1
DA:51,2
DA:52,1
DA:55,0
DA:58,0
DA:73,1
DA:76,2
DA:78,1
DA:79,1
DA:85,1
DA:87,1
DA:90,1
DA:92,1
DA:93,1
DA:94,1
DA:95,1
DA:96,1
DA:97,1
DA:98,2
DA:99,0
DA:100,0
DA:102,0
DA:103,0
DA:105,0
DA:106,0
DA:107,0
DA:108,0
DA:109,0
DA:113,0
DA:114,0
DA:116,0
DA:117,0
DA:118,0
DA:119,0
DA:120,0
DA:122,0
DA:130,1
DA:131,1
DA:133,1
DA:134,2
DA:135,1
DA:136,1
DA:138,1
DA:143,1
DA:144,1
LF:59
LH:37
end_of_record
TN:
SF:lib/models/component_fields/component_field_drop_down.dart
FNF:0
FNH:0
DA:18,6
DA:23,6
DA:26,1
DA:29,1
DA:31,6
DA:32,1
DA:35,2
DA:37,8
DA:40,2
DA:41,2
DA:43,1
DA:44,1
DA:47,1
DA:49,1
DA:52,1
DA:54,2
DA:57,1
DA:59,1
DA:77,1
DA:80,0
DA:82,1
DA:83,1
DA:87,1
DA:89,1
DA:92,1
DA:94,1
DA:95,1
DA:96,1
DA:97,1
DA:98,2
DA:99,5
DA:100,1
DA:102,4
DA:104,1
DA:105,1
DA:106,2
DA:107,3
DA:109,2
DA:110,4
DA:112,2
DA:113,3
LF:41
LH:40
end_of_record
TN:
SF:lib/models/component_fields/component_field_image.dart
FNF:0
FNH:0
DA:18,7
DA:22,7
DA:25,1
DA:28,0
DA:30,0
DA:33,2
DA:35,6
DA:38,3
DA:39,3
DA:41,2
DA:43,2
DA:46,1
DA:49,4
DA:50,4
DA:51,1
DA:55,1
DA:57,2
DA:58,3
DA:59,3
DA:69,1
DA:76,1
DA:77,1
DA:84,2
DA:86,1
DA:88,1
DA:89,6
DA:90,2
DA:93,1
DA:97,10
DA:102,1
DA:103,1
DA:107,0
DA:108,0
DA:110,0
DA:113,1
DA:115,0
DA:118,0
DA:123,0
DA:124,0
DA:126,0
DA:131,1
DA:132,1
DA:133,1
DA:134,1
DA:135,1
DA:136,2
DA:138,1
DA:139,0
DA:140,0
DA:141,0
DA:142,0
DA:145,0
DA:148,1
DA:149,0
DA:153,0
DA:154,0
DA:156,0
DA:157,0
DA:158,0
DA:159,0
DA:168,1
DA:170,1
DA:172,1
DA:173,1
DA:174,0
DA:178,0
DA:179,0
DA:181,0
LF:68
LH:42
end_of_record
TN:
SF:lib/models/component_fields/component_field_list.dart
FNF:0
FNH:0
DA:14,6
DA:18,6
DA:21,1
DA:24,0
DA:26,0
DA:27,0
DA:28,0
DA:29,0
DA:31,0
DA:32,0
DA:33,0
DA:36,0
DA:39,2
DA:41,6
DA:44,2
DA:45,2
DA:47,1
DA:49,1
DA:52,1
DA:55,4
DA:56,4
DA:57,4
DA:58,1
DA:61,1
DA:65,1
DA:67,2
DA:68,2
DA:69,2
DA:87,1
DA:93,1
DA:94,1
DA:98,1
DA:100,1
DA:103,1
DA:105,1
DA:106,1
DA:107,5
DA:108,1
DA:109,1
DA:110,1
DA:111,1
DA:112,1
DA:115,4
DA:116,1
DA:117,3
DA:118,3
DA:122,1
DA:123,1
DA:124,2
DA:125,3
DA:126,3
DA:129,1
DA:133,1
DA:134,1
DA:135,2
DA:136,3
DA:137,3
DA:140,1
LF:58
LH:49
end_of_record
TN:
SF:lib/models/component_fields/component_field_number.dart
FNF:0
FNH:0
DA:12,13
DA:16,13
DA:19,1
DA:22,7
DA:23,7
DA:25,7
DA:27,7
DA:30,1
DA:32,1
DA:33,1
DA:37,3
DA:38,1
DA:39,1
DA:40,1
DA:42,2
DA:44,1
DA:45,2
DA:51,9
DA:53,36
DA:56,1
DA:58,2
DA:61,1
DA:63,2
LF:23
LH:23
end_of_record
TN:
SF:lib/models/component_fields/component_field_sprite.dart
FNF:0
FNH:0
DA:14,6
DA:18,6
DA:21,1
DA:24,1
DA:26,2
DA:29,2
DA:31,6
DA:34,2
DA:35,2
DA:37,0
DA:39,0
DA:42,0
DA:45,0
DA:46,0
DA:47,0
DA:48,0
DA:51,0
DA:55,0
DA:57,0
DA:58,0
DA:59,0
DA:71,1
DA:79,1
DA:80,1
DA:85,1
DA:87,1
DA:90,1
DA:92,1
DA:93,1
DA:94,3
DA:95,1
DA:96,1
DA:98,1
DA:99,2
DA:100,1
DA:102,1
DA:103,2
DA:104,4
DA:105,3
DA:106,4
DA:113,1
DA:114,3
DA:115,6
DA:118,1
DA:119,2
DA:120,2
DA:121,5
DA:122,3
DA:123,4
DA:126,1
LF:50
LH:38
end_of_record
TN:
SF:lib/models/component_fields/component_field_text.dart
FNF:0
FNH:0
DA:12,11
DA:16,11
DA:19,1
DA:22,1
DA:24,1
DA:25,1
DA:28,2
DA:29,1
DA:30,1
DA:31,1
DA:32,2
DA:38,7
DA:40,21
DA:43,7
DA:44,7
DA:46,7
DA:48,7
DA:51,1
DA:53,2
DA:56,1
DA:58,1
LF:21
LH:21
end_of_record
TN:
SF:lib/models/component_fields/component_field_texture.dart
FNF:0
FNH:0
DA:15,1
DA:19,1
DA:22,1
DA:25,1
DA:27,4
DA:30,1
DA:32,3
DA:35,1
DA:36,1
DA:39,1
DA:40,1
DA:42,1
DA:44,1
DA:47,0
DA:49,0
DA:52,0
DA:54,0
DA:64,1
DA:66,1
DA:68,1
DA:75,1
DA:77,1
DA:78,1
DA:79,1
DA:80,0
DA:81,0
DA:82,0
DA:84,0
DA:85,0
DA:87,0
DA:88,0
DA:91,7
LF:32
LH:21
end_of_record
TN:
SF:lib/models/component_fields/component_field_tilemap.dart
FNF:0
FNH:0
DA:16,6
DA:20,6
DA:23,1
DA:26,0
DA:28,0
DA:29,0
DA:32,2
DA:34,20
DA:35,4
DA:36,12
DA:37,14
DA:38,18
DA:42,4
DA:45,1
DA:46,1
DA:48,1
DA:50,1
DA:53,0
DA:56,0
DA:57,0
DA:58,0
DA:59,0
DA:60,0
DA:61,0
DA:62,0
DA:63,0
DA:64,0
DA:67,0
DA:68,0
DA:69,0
DA:72,0
DA:73,0
DA:74,0
DA:77,0
DA:78,0
DA:82,1
DA:84,9
DA:85,4
DA:86,5
DA:87,6
DA:88,9
DA:103,1
DA:111,1
DA:113,1
DA:114,0
DA:116,0
DA:117,0
DA:118,0
DA:119,0
DA:124,1
LF:50
LH:24
end_of_record
TN:
SF:lib/models/component_fields/component_field_tileset.dart
FNF:0
FNH:0
DA:16,6
DA:20,6
DA:23,1
DA:26,1
DA:28,2
DA:31,2
DA:33,2
DA:34,7
DA:35,1
DA:36,4
DA:37,6
DA:38,6
DA:40,1
DA:42,4
DA:45,1
DA:46,1
DA:48,1
DA:50,1
DA:53,1
DA:56,4
DA:57,1
DA:58,5
DA:59,1
DA:60,6
DA:61,6
DA:62,6
DA:63,1
DA:66,1
DA:67,1
DA:68,4
DA:69,1
DA:72,1
DA:76,1
DA:78,2
DA:79,3
DA:80,1
DA:81,3
DA:82,5
DA:83,5
DA:85,2
DA:99,1
DA:107,1
DA:108,1
DA:115,1
DA:117,1
DA:118,3
DA:119,2
DA:120,6
DA:121,1
DA:122,1
DA:123,0
DA:124,0
DA:125,0
DA:128,0
DA:129,0
DA:130,0
DA:133,0
DA:136,0
DA:137,0
DA:143,3
DA:145,6
DA:146,2
DA:150,1
DA:152,1
DA:154,6
DA:156,12
DA:158,1
DA:162,1
DA:163,1
DA:164,6
DA:165,1
DA:166,3
DA:168,1
DA:174,1
DA:176,1
DA:178,1
DA:179,2
DA:180,1
DA:182,1
DA:183,1
DA:184,1
DA:185,6
DA:186,1
DA:187,1
DA:189,1
DA:190,1
DA:192,2
DA:193,1
DA:194,1
DA:195,3
DA:196,2
DA:202,1
DA:203,4
DA:204,1
DA:205,2
DA:206,3
DA:212,1
DA:214,0
DA:215,0
DA:217,0
DA:221,1
DA:223,1
DA:224,2
DA:225,8
DA:226,3
DA:227,4
DA:229,3
DA:230,2
DA:237,1
DA:238,2
DA:239,2
DA:240,1
DA:241,4
DA:242,4
DA:243,4
DA:244,3
DA:245,4
DA:248,1
LF:118
LH:106
end_of_record
TN:
SF:lib/models/component_fields/image/LoadedImage.dart
FNF:0
FNH:0
DA:8,2
LF:1
LH:1
end_of_record
TN:
SF:lib/models/component_fields/image/media_select.dart
FNF:0
FNH:0
DA:5,9
DA:7,6
DA:9,2
DA:12,2
DA:13,2
DA:15,2
LF:6
LH:6
end_of_record
TN:
SF:lib/models/component_fields/image/part_image.dart
FNF:0
FNH:0
DA:15,1
DA:16,2
DA:17,0
DA:18,2
DA:19,0
DA:22,1
DA:23,1
DA:27,1
DA:28,1
DA:29,1
DA:31,2
DA:32,3
DA:33,1
DA:35,1
DA:36,1
DA:39,1
DA:41,1
DA:42,3
DA:43,1
DA:44,2
DA:46,2
DA:54,1
DA:55,1
DA:56,5
DA:57,1
DA:58,2
DA:59,2
DA:71,1
DA:73,1
DA:75,1
DA:77,7
DA:78,2
DA:80,1
DA:82,2
DA:84,1
DA:85,1
DA:86,1
DA:87,1
DA:88,1
DA:90,3
DA:93,0
LF:41
LH:38
end_of_record
TN:
SF:lib/models/component_fields/sprite/sprite_animation.dart
FNF:0
FNH:0
DA:8,2
DA:12,2
DA:13,2
DA:14,3
DA:16,2
DA:19,1
DA:22,1
DA:24,1
DA:25,4
DA:26,4
DA:27,4
DA:28,1
DA:31,1
DA:33,1
DA:35,1
LF:15
LH:15
end_of_record
TN:
SF:lib/models/component_fields/sprite/sprite_editor_page.dart
FNF:0
FNH:0
DA:15,1
DA:17,1
DA:18,1
DA:22,1
DA:24,4
DA:26,1
DA:27,4
DA:29,0
DA:33,1
DA:36,1
DA:38,1
DA:39,1
DA:40,2
DA:41,0
DA:42,0
DA:44,0
DA:50,1
DA:53,1
DA:54,1
DA:55,1
DA:57,1
DA:58,1
DA:59,1
DA:64,0
DA:65,0
DA:66,0
DA:67,0
DA:68,0
DA:74,5
DA:75,0
DA:76,0
DA:78,0
DA:79,0
DA:80,0
DA:81,0
DA:82,0
DA:83,0
DA:84,0
DA:86,0
DA:89,0
DA:93,0
DA:94,0
DA:95,0
DA:99,0
DA:100,0
DA:101,0
DA:102,0
DA:107,0
DA:108,0
DA:109,0
DA:110,0
DA:114,0
DA:116,0
DA:117,0
DA:118,0
DA:119,0
DA:123,0
DA:127,0
DA:128,0
DA:129,0
DA:130,0
DA:131,0
DA:132,0
DA:133,0
DA:141,1
DA:142,0
DA:143,0
DA:144,0
DA:145,0
DA:146,0
DA:147,0
DA:148,0
DA:152,1
LF:73
LH:22
end_of_record
TN:
SF:lib/models/component_fields/tilemap/tilemap_editor_controller.dart
FNF:0
FNH:0
DA:8,1
LF:1
LH:1
end_of_record
TN:
SF:lib/models/component_fields/tileset/tileset_editor_page.dart
FNF:0
FNH:0
DA:16,0
DA:24,1
DA:26,1
DA:27,1
DA:34,1
DA:38,9
DA:44,1
DA:45,1
DA:46,1
DA:48,1
DA:49,1
DA:54,1
DA:55,1
DA:57,0
DA:58,0
DA:59,0
DA:60,0
DA:61,0
DA:68,1
DA:70,1
DA:71,1
DA:72,1
DA:74,1
DA:75,1
DA:77,1
DA:78,2
DA:79,0
DA:80,0
DA:81,0
DA:85,1
LF:30
LH:21
end_of_record
TN:
SF:lib/models/component_types/component_circle.dart
FNF:0
FNH:0
DA:15,5
DA:16,15
DA:17,20
DA:20,1
DA:23,4
DA:26,1
DA:28,1
DA:29,3
DA:30,3
DA:35,1
DA:44,4
DA:45,3
DA:47,1
DA:49,1
DA:59,1
DA:60,1
DA:61,1
DA:62,1
DA:63,1
DA:64,1
DA:65,1
DA:66,1
DA:67,1
DA:68,1
DA:71,1
DA:72,1
DA:75,1
DA:83,4
DA:84,3
DA:86,1
DA:88,1
DA:99,1
DA:101,1
DA:102,5
DA:103,6
LF:35
LH:35
end_of_record
TN:
SF:lib/models/component_types/component_event.dart
FNF:0
FNH:0
DA:10,5
DA:11,15
DA:12,15
DA:13,5
DA:23,15
DA:26,1
DA:27,1
DA:28,3
DA:31,1
DA:34,4
DA:37,1
DA:39,1
DA:40,3
DA:41,3
LF:14
LH:14
end_of_record
TN:
SF:lib/models/component_types/component_image.dart
FNF:0
FNH:0
DA:15,5
DA:16,15
DA:17,20
DA:20,1
DA:23,4
DA:26,1
DA:28,1
DA:29,3
DA:30,3
DA:35,0
DA:42,0
DA:43,0
DA:49,0
DA:50,0
DA:52,0
DA:56,0
DA:59,0
DA:65,0
DA:66,0
DA:67,0
DA:68,0
DA:72,0
DA:75,1
DA:82,3
DA:88,1
DA:89,1
DA:90,0
DA:92,2
DA:99,0
DA:100,0
DA:106,0
DA:107,0
DA:108,0
DA:113,0
DA:116,0
DA:118,0
DA:122,0
DA:123,0
DA:128,0
DA:130,0
DA:131,0
DA:132,0
DA:133,0
DA:136,0
LF:44
LH:14
end_of_record
TN:
SF:lib/models/component_types/component_list.dart
FNF:0
FNH:0
DA:14,5
DA:15,15
DA:16,20
DA:19,1
DA:22,4
DA:25,1
DA:27,1
DA:28,3
DA:29,3
DA:34,1
DA:43,1
DA:46,1
LF:12
LH:12
end_of_record
TN:
SF:lib/models/component_types/component_rect.dart
FNF:0
FNH:0
DA:16,5
DA:17,15
DA:18,15
DA:19,20
DA:22,1
DA:25,4
DA:28,2
DA:30,2
DA:31,6
DA:32,6
DA:37,1
DA:46,1
DA:47,4
DA:48,4
DA:51,1
DA:53,1
DA:54,3
DA:63,1
DA:64,1
DA:65,1
DA:66,1
DA:67,1
DA:68,1
DA:69,1
DA:70,1
DA:71,1
DA:72,1
DA:75,1
DA:76,1
DA:79,1
DA:81,1
DA:82,4
DA:83,4
DA:86,1
DA:88,3
DA:89,1
DA:99,0
DA:101,0
DA:102,0
DA:103,0
DA:104,0
LF:41
LH:36
end_of_record
TN:
SF:lib/models/component_types/component_sprite.dart
FNF:0
FNH:0
DA:17,5
DA:18,15
DA:19,15
DA:20,20
DA:23,1
DA:26,4
DA:29,1
DA:31,1
DA:32,3
DA:33,3
DA:38,1
DA:46,3
DA:47,3
DA:49,1
DA:50,1
DA:55,0
DA:59,0
DA:61,0
DA:62,0
DA:65,0
DA:73,0
DA:74,0
DA:78,0
DA:81,1
DA:88,3
DA:89,3
DA:91,1
DA:97,0
DA:101,0
DA:103,0
DA:111,0
DA:112,0
DA:120,0
DA:123,0
DA:125,0
DA:129,0
DA:130,0
DA:135,0
DA:137,0
DA:138,0
DA:139,0
DA:140,0
DA:143,0
LF:43
LH:19
end_of_record
TN:
SF:lib/models/component_types/component_text.dart
FNF:0
FNH:0
DA:18,5
DA:19,15
DA:20,15
DA:21,20
DA:24,1
DA:27,4
DA:30,1
DA:32,1
DA:33,3
DA:34,3
DA:39,0
DA:48,0
DA:49,0
DA:51,0
DA:53,0
DA:54,0
DA:64,0
DA:65,0
DA:66,0
DA:67,0
DA:68,0
DA:69,0
DA:70,0
DA:71,0
DA:72,0
DA:75,0
DA:76,0
DA:79,0
DA:87,0
DA:88,0
DA:91,0
DA:93,0
DA:94,0
DA:105,0
DA:107,0
DA:108,0
DA:109,0
DA:110,0
DA:111,0
DA:112,0
LF:40
LH:10
end_of_record
TN:
SF:lib/models/component_types/component_tilemap.dart
FNF:0
FNH:0
DA:16,5
DA:17,15
DA:18,20
DA:19,20
DA:22,1
DA:25,4
DA:28,1
DA:30,1
DA:31,3
DA:32,3
DA:37,0
DA:45,0
DA:46,0
DA:49,0
DA:55,0
DA:56,0
DA:57,0
DA:58,0
DA:60,0
DA:61,0
DA:65,0
DA:69,0
DA:77,0
DA:81,0
DA:87,0
DA:88,0
DA:90,0
DA:91,0
DA:92,0
DA:93,0
DA:101,0
LF:31
LH:10
end_of_record
TN:
SF:lib/models/component_types/component_ui_image.dart
FNF:0
FNH:0
DA:15,3
DA:16,9
DA:17,12
DA:20,1
DA:23,2
DA:26,0
DA:28,0
DA:29,0
DA:30,0
DA:35,1
DA:42,3
DA:43,0
DA:49,1
DA:50,0
DA:52,2
DA:56,1
DA:59,0
DA:65,0
DA:66,0
DA:67,0
DA:68,0
DA:72,0
DA:75,1
DA:82,3
DA:88,1
DA:89,1
DA:90,0
DA:92,2
DA:99,0
DA:100,0
DA:106,0
DA:107,0
DA:108,0
DA:113,0
DA:116,0
DA:118,0
DA:122,0
DA:123,0
DA:128,0
DA:130,0
DA:131,0
DA:132,0
DA:133,0
DA:136,0
LF:44
LH:15
end_of_record
TN:
SF:lib/models/component_types/component_ui_text.dart
FNF:0
FNH:0
DA:18,3
DA:19,9
DA:20,9
DA:21,12
DA:24,1
DA:27,2
DA:30,1
DA:32,1
DA:33,3
DA:34,3
DA:39,1
DA:48,4
DA:49,4
DA:51,1
DA:53,1
DA:54,3
DA:64,1
DA:65,1
DA:66,1
DA:67,1
DA:68,1
DA:69,1
DA:70,1
DA:71,1
DA:74,1
DA:75,1
DA:78,1
DA:86,4
DA:87,4
DA:90,1
DA:92,1
DA:93,3
DA:104,0
DA:106,0
DA:107,0
DA:108,0
DA:109,0
DA:110,0
DA:111,0
LF:39
LH:32
end_of_record
TN:
SF:lib/models/component_types/component_variable.dart
FNF:0
FNH:0
DA:16,5
DA:17,15
DA:18,15
DA:21,1
DA:24,4
DA:27,1
DA:29,1
DA:30,3
DA:31,3
DA:36,1
DA:45,1
DA:48,1
LF:12
LH:12
end_of_record
TN:
SF:lib/models/games/component_field.dart
FNF:0
FNH:0
DA:11,2
DA:16,31
DA:19,3
DA:20,3
DA:24,3
DA:25,6
DA:29,2
DA:34,2
DA:39,3
DA:42,2
DA:45,4
LF:11
LH:11
end_of_record
TN:
SF:lib/models/games/component_type.dart
FNF:0
FNH:0
DA:16,18
DA:17,54
DA:23,1
DA:26,4
DA:29,2
DA:32,1
DA:33,1
DA:34,3
DA:35,3
DA:41,1
DA:48,1
DA:52,1
DA:62,0
DA:67,1
DA:68,3
DA:69,1
DA:74,0
DA:75,0
DA:76,0
DA:77,0
DA:80,0
DA:81,0
DA:82,0
DA:83,0
DA:84,0
DA:87,0
LF:26
LH:15
end_of_record
TN:
SF:lib/models/games/display_components.dart
FNF:0
FNH:0
DA:10,9
LF:1
LH:1
end_of_record
TN:
SF:lib/models/games/game.dart
FNF:0
FNH:0
DA:60,6
DA:61,18
DA:64,1
DA:65,2
DA:66,2
DA:67,2
DA:68,2
DA:69,2
DA:70,2
DA:72,2
DA:74,2
DA:75,3
DA:79,1
DA:80,0
DA:83,1
DA:84,0
DA:90,0
DA:91,0
DA:92,0
DA:95,0
DA:96,0
DA:97,0
DA:98,0
DA:99,0
DA:100,0
DA:101,0
DA:102,0
DA:103,0
DA:106,0
DA:107,0
DA:108,0
DA:114,0
DA:117,0
DA:119,0
DA:123,0
DA:124,0
DA:125,0
DA:127,0
DA:128,0
DA:129,0
DA:130,0
DA:131,0
DA:132,0
DA:133,0
DA:134,0
DA:137,0
DA:138,0
DA:139,0
DA:142,0
DA:143,0
DA:146,0
DA:147,0
DA:148,0
DA:150,0
DA:151,0
DA:152,0
DA:157,1
DA:159,3
DA:160,3
DA:161,3
DA:162,3
DA:163,3
DA:165,1
DA:166,2
DA:167,0
DA:168,0
DA:169,0
DA:172,1
DA:175,1
DA:176,2
DA:177,0
DA:178,0
DA:179,0
DA:182,1
DA:185,1
DA:186,3
DA:187,2
DA:188,6
DA:189,0
DA:192,1
DA:193,1
DA:195,1
DA:200,1
DA:203,1
DA:205,0
DA:208,2
DA:209,2
DA:210,1
DA:211,2
DA:212,3
DA:215,1
DA:216,1
DA:217,0
DA:222,0
LF:94
LH:42
end_of_record
TN:
SF:lib/models/games/game_object.dart
FNF:0
FNH:0
DA:56,6
DA:59,1
DA:60,3
DA:61,6
DA:62,2
DA:63,2
DA:64,2
DA:65,2
DA:66,2
DA:67,2
DA:68,2
DA:69,2
DA:70,1
DA:71,0
DA:77,1
DA:79,3
DA:80,3
DA:81,1
DA:82,2
DA:83,0
DA:84,0
DA:85,0
DA:88,1
DA:89,4
DA:90,1
DA:96,0
DA:97,0
DA:98,0
DA:99,0
DA:100,0
DA:104,0
DA:105,0
DA:106,0
DA:108,0
LF:34
LH:21
end_of_record
TN:
SF:lib/models/games/media.dart
FNF:0
FNH:0
DA:17,8
DA:23,1
DA:24,1
DA:25,1
DA:26,1
DA:27,1
DA:31,2
DA:32,2
DA:33,2
DA:34,2
DA:37,4
DA:41,2
DA:42,2
DA:43,2
DA:44,2
DA:45,7
DA:47,2
DA:50,2
DA:51,2
DA:54,2
DA:55,2
DA:56,6
DA:59,1
DA:60,3
DA:63,2
DA:64,3
DA:65,2
DA:71,1
DA:77,2
DA:81,1
DA:84,1
DA:85,1
DA:86,1
DA:88,1
DA:91,1
DA:92,1
DA:93,1
DA:94,1
LF:38
LH:38
end_of_record
TN:
SF:lib/models/games/media/media_set.dart
FNF:0
FNH:0
DA:15,4
DA:17,1
DA:19,5
DA:22,0
DA:24,0
DA:25,0
DA:28,1
DA:30,8
DA:31,8
DA:32,1
DA:33,8
DA:34,8
DA:35,2
DA:36,2
DA:39,0
DA:41,0
DA:42,0
DA:45,1
DA:47,1
DA:48,1
DA:49,1
DA:52,2
DA:53,2
DA:54,2
DA:55,2
DA:56,2
DA:57,2
DA:58,2
LF:28
LH:22
end_of_record
TN:
SF:lib/models/games/scene.dart
FNF:0
FNH:0
DA:13,7
DA:15,2
DA:16,4
DA:18,3
DA:19,3
DA:21,3
DA:22,3
DA:28,2
DA:31,2
DA:33,8
DA:36,8
DA:39,2
DA:42,1
DA:43,2
DA:44,4
DA:45,4
LF:16
LH:16
end_of_record
TN:
SF:lib/models/utils/Vector2.dart
FNF:0
FNH:0
DA:6,10
DA:8,2
DA:9,6
DA:13,1
DA:14,5
LF:5
LH:5
end_of_record
TN:
SF:lib/models/utils/Vector2i.dart
FNF:0
FNH:0
DA:6,1
LF:1
LH:1
end_of_record
TN:
SF:lib/pages/login_page.dart
FNF:0
FNH:0
DA:7,71
DA:9,1
DA:11,1
DA:12,1
DA:13,2
DA:16,1
DA:17,2
DA:18,2
DA:22,2
DA:27,1
DA:28,2
DA:34,2
DA:35,2
DA:41,2
DA:46,1
DA:48,1
DA:50,3
DA:53,1
DA:54,1
DA:55,1
DA:56,3
DA:61,1
DA:62,1
DA:63,1
DA:65,1
DA:67,1
DA:68,1
DA:74,1
DA:80,1
DA:84,1
DA:85,1
DA:86,1
LF:32
LH:32
end_of_record
TN:
SF:lib/pages/my_games/game_editor/add_component_page.dart
FNF:0
FNH:0
DA:16,3
DA:18,3
DA:19,3
DA:23,3
DA:25,3
DA:28,3
DA:31,9
DA:32,1
DA:34,3
DA:37,3
DA:38,3
DA:41,3
DA:42,3
DA:43,3
DA:44,3
DA:45,6
DA:46,2
DA:47,6
DA:48,4
LF:19
LH:19
end_of_record
TN:
SF:lib/pages/my_games/game_editor/asset_editor_page.dart
FNF:0
FNH:0
DA:26,2
DA:28,2
DA:30,2
DA:35,2
DA:37,2
DA:43,1
DA:44,2
DA:45,1
DA:46,4
DA:47,5
DA:54,1
DA:55,2
DA:56,4
DA:57,5
DA:64,0
DA:65,0
DA:66,0
DA:70,2
DA:73,8
DA:75,2
DA:76,2
DA:83,2
DA:85,2
DA:87,2
DA:88,2
DA:90,2
DA:91,10
DA:94,2
DA:96,1
DA:97,3
DA:106,6
DA:107,1
DA:108,1
DA:109,2
DA:111,1
DA:113,1
DA:114,2
DA:115,1
DA:116,2
DA:118,1
DA:119,2
DA:125,1
DA:127,1
DA:128,1
DA:136,2
DA:137,1
DA:138,2
DA:139,1
DA:140,2
DA:141,1
DA:142,2
LF:51
LH:48
end_of_record
TN:
SF:lib/pages/my_games/game_editor/assets_page.dart
FNF:0
FNH:0
DA:17,1
DA:19,1
DA:20,1
DA:24,1
DA:26,1
DA:29,1
DA:31,3
DA:32,3
DA:33,3
DA:37,1
DA:38,1
DA:41,1
DA:42,1
DA:43,2
DA:44,5
DA:45,4
DA:46,1
DA:47,3
DA:48,4
DA:50,4
DA:52,4
DA:57,1
DA:58,1
DA:59,1
DA:60,1
DA:61,1
DA:63,1
DA:64,2
DA:65,1
DA:67,0
DA:68,0
DA:69,0
DA:74,1
DA:75,3
DA:76,9
LF:35
LH:32
end_of_record
TN:
SF:lib/pages/my_games/game_editor/edit_component_page.dart
FNF:0
FNH:0
DA:21,2
DA:23,2
DA:24,2
DA:26,0
DA:27,0
DA:32,2
DA:34,2
DA:37,2
DA:40,9
DA:41,2
DA:42,2
DA:43,3
DA:45,0
DA:47,3
DA:52,2
DA:53,2
DA:54,10
DA:56,2
DA:58,2
DA:59,2
DA:60,8
DA:61,10
LF:22
LH:19
end_of_record
TN:
SF:lib/pages/my_games/game_editor/media_editor_page.dart
FNF:0
FNH:0
DA:16,2
DA:18,2
DA:19,2
DA:23,2
DA:25,2
DA:28,2
DA:31,8
DA:33,2
DA:34,2
DA:37,2
DA:38,0
DA:39,0
DA:40,0
DA:44,2
DA:45,2
DA:47,2
DA:48,2
DA:50,2
DA:51,2
DA:52,2
DA:54,2
DA:55,10
DA:58,2
DA:60,1
DA:61,3
DA:70,2
DA:71,0
DA:72,0
DA:73,0
DA:74,0
DA:75,0
DA:79,6
DA:81,0
DA:83,6
DA:84,2
DA:85,2
DA:86,4
DA:87,2
DA:88,2
DA:89,0
DA:90,0
DA:91,0
DA:98,2
DA:99,4
DA:100,2
DA:101,2
DA:105,2
DA:106,2
DA:107,0
DA:108,0
DA:109,0
DA:116,2
DA:117,4
DA:118,2
DA:119,2
DA:124,4
DA:125,2
DA:126,2
DA:127,0
DA:128,0
DA:129,0
DA:136,2
DA:137,4
DA:138,2
DA:139,2
DA:143,2
DA:144,2
DA:145,0
DA:146,0
DA:147,0
DA:154,2
DA:155,4
DA:156,2
DA:157,2
DA:162,4
DA:163,2
DA:164,2
DA:165,0
DA:166,0
DA:167,0
DA:174,2
DA:176,8
DA:180,2
DA:181,2
DA:182,0
DA:183,0
DA:184,0
DA:191,2
DA:193,8
DA:200,2
DA:201,2
DA:202,4
DA:203,14
LF:93
LH:66
end_of_record
TN:
SF:lib/pages/my_games/game_editor/medias_page.dart
FNF:0
FNH:0
DA:20,1
DA:22,1
DA:23,1
DA:27,1
DA:29,1
DA:32,1
DA:33,1
DA:34,2
DA:35,1
DA:36,0
DA:37,0
DA:43,1
DA:44,8
DA:45,2
DA:46,9
DA:48,4
DA:51,1
DA:54,4
DA:56,1
DA:57,1
DA:60,1
DA:61,1
DA:62,2
DA:63,9
DA:68,1
DA:69,1
DA:70,2
DA:71,1
DA:72,1
DA:73,1
DA:74,3
DA:75,1
DA:76,1
DA:77,1
DA:78,1
DA:79,0
DA:80,0
DA:84,1
DA:85,2
DA:89,1
DA:90,1
DA:92,1
DA:93,2
DA:95,1
DA:100,1
DA:102,1
DA:103,2
DA:104,4
LF:48
LH:44
end_of_record
TN:
SF:lib/pages/my_games/game_editor/object_editor_page.dart
FNF:0
FNH:0
DA:28,1
DA:30,1
DA:32,1
DA:37,1
DA:39,1
DA:45,0
DA:46,0
DA:47,0
DA:48,0
DA:49,0
DA:50,0
DA:57,0
DA:58,0
DA:59,0
DA:60,0
DA:65,1
DA:66,2
DA:67,4
DA:68,4
DA:72,0
DA:73,0
DA:74,0
DA:75,0
DA:76,0
DA:77,0
DA:78,0
DA:84,1
DA:87,5
DA:89,5
DA:90,1
DA:91,1
DA:98,1
DA:100,1
DA:101,1
DA:104,3
DA:110,1
DA:111,1
DA:118,1
DA:120,1
DA:122,1
DA:123,1
DA:125,1
DA:126,6
DA:129,1
DA:131,1
DA:132,4
DA:141,1
DA:142,6
DA:143,0
DA:144,0
DA:145,0
DA:154,1
DA:155,1
DA:156,1
DA:157,1
DA:158,7
DA:159,0
DA:160,0
DA:161,0
DA:170,1
DA:171,1
DA:172,7
DA:173,0
DA:174,0
DA:175,0
DA:187,1
DA:188,6
DA:189,0
DA:191,0
DA:193,0
DA:195,0
DA:204,7
DA:206,4
DA:207,1
DA:208,1
DA:209,2
DA:211,1
DA:213,0
DA:214,0
DA:215,0
DA:216,0
DA:217,0
DA:219,0
DA:225,1
DA:227,0
DA:228,0
DA:236,1
DA:237,1
DA:238,2
DA:239,1
DA:240,1
DA:241,1
DA:242,1
DA:243,2
LF:94
LH:56
end_of_record
TN:
SF:lib/pages/my_games/game_editor/object_select_parent_page.dart
FNF:0
FNH:0
DA:17,1
DA:19,1
DA:20,1
DA:24,1
DA:26,1
DA:29,1
DA:31,11
DA:33,1
DA:34,1
DA:37,1
DA:38,1
DA:39,1
DA:40,1
DA:41,4
DA:42,1
DA:43,4
DA:44,1
LF:17
LH:17
end_of_record
TN:
SF:lib/pages/my_games/game_editor/objects_page.dart
FNF:0
FNH:0
DA:19,1
DA:21,1
DA:22,1
DA:26,1
DA:28,1
DA:31,1
DA:33,1
DA:34,1
DA:37,1
DA:38,1
DA:39,2
DA:40,1
DA:41,1
DA:42,1
DA:43,3
DA:45,1
DA:46,2
DA:47,1
DA:48,2
DA:49,4
DA:50,1
DA:54,1
DA:55,2
DA:56,1
DA:57,2
DA:58,4
DA:59,1
DA:63,1
DA:64,2
DA:65,1
DA:66,2
DA:67,4
DA:71,1
DA:73,1
DA:74,2
DA:75,5
DA:76,3
DA:83,1
DA:84,6
DA:85,5
LF:40
LH:40
end_of_record
TN:
SF:lib/pages/my_games/game_editor/paint/paint_bar.dart
FNF:0
FNH:0
DA:14,2
DA:22,2
DA:25,2
DA:27,2
DA:29,2
DA:31,2
DA:32,2
DA:33,2
DA:35,1
DA:36,2
DA:40,2
DA:42,1
DA:43,2
DA:46,2
DA:48,2
DA:49,2
DA:51,2
DA:52,2
DA:54,2
DA:55,2
DA:57,0
DA:58,0
DA:67,2
DA:69,1
DA:70,2
DA:73,2
DA:75,2
DA:76,4
DA:79,2
DA:81,2
DA:82,4
LF:31
LH:29
end_of_record
TN:
SF:lib/pages/my_games/game_editor/paint/paint_canvas.dart
FNF:0
FNH:0
DA:11,2
DA:18,2
DA:19,2
DA:26,2
DA:28,2
DA:31,2
DA:33,10
DA:34,10
DA:36,2
DA:38,2
DA:40,1
DA:41,4
DA:42,2
DA:43,4
DA:45,5
DA:46,5
DA:48,7
DA:49,1
DA:50,1
DA:53,1
DA:54,2
DA:55,5
DA:56,5
DA:58,7
DA:59,1
DA:60,1
DA:65,1
DA:66,2
DA:73,2
DA:77,4
DA:78,2
DA:79,14
LF:32
LH:32
end_of_record
TN:
SF:lib/pages/my_games/game_editor/paint/paint_canvas_painter.dart
FNF:0
FNH:0
DA:9,3
DA:11,2
DA:13,2
DA:14,2
DA:15,2
DA:16,2
DA:18,8
DA:21,2
DA:22,4
DA:23,6
DA:24,6
DA:25,4
DA:26,4
DA:27,4
DA:31,5
DA:32,2
DA:33,2
DA:34,0
DA:36,5
DA:37,2
DA:38,10
DA:41,8
DA:46,3
DA:58,1
DA:59,1
DA:60,8
DA:62,1
DA:64,2
DA:67,1
DA:68,1
DA:71,1
DA:72,2
DA:73,4
DA:77,2
DA:78,4
DA:79,4
DA:88,2
LF:37
LH:36
end_of_record
TN:
SF:lib/pages/my_games/game_editor/paint/paint_page.dart
FNF:0
FNH:0
DA:14,1
DA:16,1
DA:17,1
DA:21,1
DA:23,1
DA:26,1
DA:27,2
DA:28,6
DA:32,0
DA:33,0
DA:34,0
DA:38,0
DA:39,0
DA:40,0
DA:44,1
DA:45,2
DA:46,3
DA:50,1
DA:51,4
DA:52,4
DA:53,2
DA:54,1
DA:58,1
DA:59,1
DA:60,1
DA:61,1
DA:62,3
DA:64,1
DA:65,1
DA:66,0
DA:67,0
DA:68,0
DA:69,0
DA:72,0
DA:76,2
DA:77,2
DA:78,3
DA:79,4
DA:82,1
DA:85,1
DA:88,1
DA:89,1
DA:92,1
DA:93,1
DA:94,1
DA:95,1
DA:96,1
DA:97,1
DA:98,1
DA:99,3
DA:100,1
DA:102,1
DA:103,1
DA:104,2
LF:54
LH:43
end_of_record
TN:
SF:lib/pages/my_games/my_games_page.dart
FNF:0
FNH:0
DA:13,72
DA:15,2
DA:16,2
DA:23,2
DA:24,2
DA:25,0
DA:26,0
DA:28,0
DA:29,0
DA:30,0
DA:31,0
DA:33,0
DA:34,0
DA:35,0
DA:38,0
DA:42,0
DA:48,0
DA:49,0
DA:50,0
DA:52,0
DA:53,0
DA:54,0
DA:55,0
DA:56,0
DA:57,0
DA:63,0
DA:64,0
DA:74,2
DA:76,2
DA:77,4
DA:78,4
DA:81,0
DA:82,0
DA:83,0
DA:84,0
DA:89,0
DA:90,0
DA:91,0
DA:92,0
DA:96,2
DA:100,2
DA:101,2
DA:103,2
DA:105,2
DA:106,2
DA:107,2
DA:108,2
DA:109,4
DA:111,2
DA:112,8
DA:113,0
DA:114,0
DA:115,0
DA:116,0
DA:117,0
DA:118,0
DA:119,0
DA:120,0
DA:121,0
DA:122,0
DA:124,0
DA:126,0
DA:127,0
DA:129,0
DA:130,0
DA:138,0
DA:140,0
DA:141,0
DA:155,2
DA:156,2
DA:157,2
DA:159,2
DA:165,2
DA:166,2
DA:168,2
DA:169,2
DA:170,2
DA:172,2
DA:176,2
DA:177,2
DA:178,0
DA:181,2
DA:182,1
DA:183,1
DA:184,1
DA:187,0
DA:188,0
DA:189,0
DA:191,0
DA:192,0
DA:208,0
DA:209,0
DA:211,0
DA:212,0
DA:213,0
DA:215,0
DA:216,0
DA:217,0
DA:218,0
DA:221,0
DA:222,0
DA:223,0
DA:224,0
LF:103
LH:36
end_of_record
TN:
SF:lib/pages/my_games/my_profile_page.dart
FNF:0
FNH:0
DA:7,1
DA:9,1
DA:10,1
DA:21,1
DA:23,1
DA:24,1
DA:27,1
DA:30,1
DA:32,1
DA:33,0
DA:34,0
DA:36,0
DA:37,0
DA:38,0
DA:39,0
DA:40,0
DA:41,0
DA:42,0
DA:44,0
DA:47,0
DA:51,0
DA:54,2
DA:57,1
DA:58,1
DA:59,1
DA:61,1
DA:62,1
DA:63,1
DA:66,1
DA:67,2
DA:68,2
DA:69,1
DA:70,1
DA:71,0
DA:72,0
DA:74,0
DA:75,0
DA:76,0
DA:79,0
DA:80,0
DA:81,0
DA:82,0
DA:83,0
DA:84,0
DA:88,1
DA:89,1
DA:98,1
DA:101,1
DA:104,1
DA:105,1
DA:108,1
DA:109,2
DA:117,1
DA:118,1
DA:119,2
DA:122,1
DA:123,1
DA:124,2
DA:127,1
DA:130,1
DA:131,2
DA:133,0
DA:134,0
DA:136,0
DA:137,0
DA:139,0
DA:140,0
DA:142,0
DA:143,0
DA:144,0
DA:145,0
DA:146,0
DA:147,0
DA:155,1
DA:156,1
DA:157,1
DA:158,1
DA:159,1
DA:160,1
DA:163,0
DA:164,0
DA:165,0
DA:166,0
DA:168,0
DA:169,0
DA:172,2
DA:173,3
DA:176,1
DA:189,0
DA:190,0
DA:192,0
DA:193,0
DA:198,1
DA:200,1
DA:201,1
DA:203,1
DA:205,1
DA:206,1
DA:208,1
DA:210,1
DA:211,1
DA:212,1
DA:213,1
DA:215,1
DA:216,1
DA:221,4
DA:222,2
DA:223,1
DA:225,2
DA:226,2
DA:234,1
DA:235,1
DA:236,1
DA:237,2
DA:238,1
DA:240,2
LF:116
LH:71
end_of_record
TN:
SF:lib/pages/play/exitbutton.dart
FNF:0
FNH:0
DA:12,1
DA:14,1
DA:16,1
DA:17,1
DA:18,1
DA:19,1
DA:20,1
DA:21,2
DA:22,1
DA:23,1
DA:29,0
DA:31,0
LF:12
LH:10
end_of_record
TN:
SF:lib/pages/play/uploadbutton.dart
FNF:0
FNH:0
DA:15,1
DA:17,1
DA:19,1
DA:20,1
DA:21,1
DA:22,4
DA:23,1
DA:24,2
DA:25,1
DA:26,1
DA:32,1
DA:34,2
LF:12
LH:12
end_of_record
TN:
SF:lib/pages/register_page.dart
FNF:0
FNH:0
DA:9,71
DA:11,1
DA:12,1
DA:36,1
DA:38,1
DA:39,3
DA:42,1
DA:43,2
DA:44,3
DA:45,2
DA:49,1
DA:54,3
DA:55,2
DA:58,2
DA:60,3
DA:62,1
DA:63,2
DA:66,2
DA:68,3
DA:70,1
DA:71,3
DA:78,1
DA:80,3
DA:82,1
DA:86,3
DA:87,3
DA:88,1
DA:89,2
DA:94,3
DA:97,4
DA:98,4
DA:100,3
DA:101,1
DA:102,3
DA:103,1
DA:105,0
DA:106,0
DA:112,0
DA:113,0
DA:118,0
DA:119,0
DA:120,0
DA:123,3
DA:127,1
DA:128,1
DA:130,3
DA:131,3
DA:132,3
DA:133,3
DA:134,3
DA:135,3
DA:136,3
DA:138,2
DA:140,1
DA:141,1
DA:142,1
DA:143,1
DA:144,1
DA:145,1
DA:146,3
DA:153,1
DA:154,1
DA:155,3
DA:161,1
DA:168,1
DA:171,1
DA:175,1
DA:178,1
DA:180,1
DA:181,1
DA:182,1
DA:183,1
DA:184,1
DA:185,1
DA:187,1
DA:189,1
DA:191,2
DA:192,1
DA:194,1
DA:195,1
DA:196,1
DA:198,1
DA:199,1
DA:201,3
DA:205,1
DA:208,1
DA:209,1
DA:210,1
DA:215,1
DA:216,1
DA:217,1
DA:218,1
DA:223,1
DA:224,1
DA:225,1
DA:226,1
DA:231,1
DA:232,1
DA:233,1
DA:234,1
DA:235,1
DA:236,1
DA:237,1
DA:243,1
DA:245,1
DA:246,1
DA:248,1
DA:249,1
DA:250,1
DA:254,0
DA:256,0
DA:257,0
DA:258,0
DA:264,1
DA:265,1
DA:266,1
DA:267,1
DA:273,1
DA:274,1
DA:275,1
DA:276,1
DA:282,1
DA:283,1
DA:284,1
DA:285,1
DA:291,1
DA:292,1
DA:293,2
DA:294,1
DA:298,1
DA:299,1
DA:300,1
DA:308,1
DA:309,1
DA:310,1
LF:135
LH:124
end_of_record
TN:
SF:lib/services/api_service.dart
FNF:0
FNH:0
DA:10,1
DA:14,0
DA:15,0
DA:18,1
DA:20,2
DA:21,1
DA:22,1
DA:23,2
DA:26,2
DA:27,2
DA:31,1
DA:33,1
DA:35,1
DA:42,1
DA:44,2
DA:45,1
DA:46,1
DA:47,2
DA:50,2
DA:51,2
DA:53,1
DA:56,1
DA:58,0
DA:60,0
DA:67,1
DA:69,2
DA:70,1
DA:71,1
DA:72,2
DA:75,2
DA:76,2
DA:78,1
DA:81,1
DA:83,0
DA:85,0
DA:92,1
DA:94,2
DA:95,1
DA:96,1
DA:97,2
DA:100,2
DA:101,2
DA:105,1
DA:107,0
DA:109,0
DA:116,1
DA:118,2
DA:119,1
DA:120,1
DA:121,2
DA:124,2
DA:125,2
DA:127,1
DA:130,1
DA:132,0
DA:134,0
DA:141,1
DA:143,2
DA:145,4
DA:146,1
DA:148,1
DA:149,1
DA:152,1
DA:153,1
DA:154,1
DA:157,1
DA:159,0
DA:164,1
DA:166,1
LF:69
LH:58
end_of_record
TN:
SF:lib/services/auth_service.dart
FNF:0
FNH:0
DA:14,2
DA:19,1
DA:22,1
DA:23,2
DA:27,1
DA:29,2
DA:31,2
DA:33,1
DA:35,0
DA:36,0
DA:41,1
DA:43,2
DA:45,1
DA:47,5
DA:51,0
DA:57,1
DA:58,1
DA:62,0
DA:64,0
DA:66,0
DA:68,0
DA:72,0
DA:78,1
DA:80,1
DA:81,1
DA:82,2
DA:85,0
DA:91,1
DA:93,2
DA:94,2
DA:95,1
DA:97,0
DA:98,0
DA:103,0
DA:105,0
DA:107,0
DA:108,0
DA:109,0
DA:110,0
DA:116,0
DA:117,0
DA:119,0
DA:121,0
DA:122,0
DA:123,0
DA:125,0
DA:126,0
DA:128,0
DA:131,0
DA:134,0
DA:135,0
DA:137,0
DA:141,0
DA:142,0
DA:144,0
DA:150,1
DA:152,3
DA:155,2
DA:157,2
DA:158,1
DA:159,1
DA:160,1
DA:161,2
DA:162,0
DA:163,0
DA:166,3
DA:167,3
DA:171,2
DA:173,0
DA:174,0
DA:175,0
DA:177,0
DA:181,2
DA:182,3
DA:183,0
DA:184,0
DA:190,2
DA:191,2
DA:193,1
DA:194,1
DA:196,1
DA:199,1
DA:202,1
DA:203,1
DA:204,0
DA:207,2
DA:208,1
DA:214,2
DA:215,1
DA:217,1
DA:223,1
DA:225,3
DA:227,1
DA:230,1
DA:231,1
DA:237,2
DA:238,1
DA:239,1
DA:241,1
DA:243,1
DA:244,2
DA:245,0
DA:246,0
DA:249,3
DA:250,3
DA:254,2
DA:256,2
DA:257,3
DA:258,1
DA:260,2
DA:264,2
DA:266,3
DA:267,2
DA:268,2
DA:270,1
DA:273,1
DA:274,1
DA:277,1
DA:280,0
DA:281,0
DA:282,0
DA:285,0
DA:286,0
DA:292,0
DA:293,0
DA:295,0
DA:301,0
DA:303,0
DA:304,0
DA:307,0
DA:312,0
DA:313,0
LF:132
LH:74
end_of_record
